2021-07-08_13-40-00 [restartedMain] INFO  c.c.a.AuthorizationMicroserviceApplication - Starting AuthorizationMicroserviceApplication using Java 16 on LAPTOP-BBS1GGQ7 with PID 12016 (C:\Users\Pallav\eclipse-workspace\Pension-Management-System-main\Authorization-Microservice\target\classes started by Pallav in C:\Users\Pallav\eclipse-workspace\Pension-Management-System-main\Authorization-Microservice)
2021-07-08_13-40-00 [restartedMain] INFO  c.c.a.AuthorizationMicroserviceApplication - No active profile set, falling back to default profiles: default
2021-07-08_13-40-00 [restartedMain] INFO  o.s.b.d.e.DevToolsPropertyDefaultsPostProcessor - Devtools property defaults active! Set 'spring.devtools.add-properties' to 'false' to disable
2021-07-08_13-40-00 [restartedMain] INFO  o.s.b.d.e.DevToolsPropertyDefaultsPostProcessor - For additional web related logging consider setting the 'logging.level.web' property to 'DEBUG'
2021-07-08_13-40-00 [restartedMain] INFO  o.s.d.r.c.RepositoryConfigurationDelegate - Bootstrapping Spring Data JPA repositories in DEFAULT mode.
2021-07-08_13-40-00 [restartedMain] INFO  o.s.d.r.c.RepositoryConfigurationDelegate - Finished Spring Data repository scanning in 45 ms. Found 1 JPA repository interfaces.
2021-07-08_13-40-00 [restartedMain] INFO  o.s.cloud.context.scope.GenericScope - BeanFactory id=edddad8d-4f8b-3de1-9e23-4996f9518ee0
2021-07-08_13-40-00 [restartedMain] INFO  o.s.b.w.e.tomcat.TomcatWebServer - Tomcat initialized with port(s): 8400 (http)
2021-07-08_13-40-00 [restartedMain] INFO  o.a.coyote.http11.Http11NioProtocol - Initializing ProtocolHandler ["http-nio-8400"]
2021-07-08_13-40-00 [restartedMain] INFO  o.a.catalina.core.StandardService - Starting service [Tomcat]
2021-07-08_13-40-00 [restartedMain] INFO  o.a.catalina.core.StandardEngine - Starting Servlet engine: [Apache Tomcat/9.0.41]
2021-07-08_13-40-00 [restartedMain] INFO  o.a.c.c.C.[.[localhost].[/auth] - Initializing Spring embedded WebApplicationContext
2021-07-08_13-40-00 [restartedMain] INFO  o.s.b.w.s.c.ServletWebServerApplicationContext - Root WebApplicationContext: initialization completed in 2533 ms
2021-07-08_13-40-00 [restartedMain] INFO  com.zaxxer.hikari.HikariDataSource - HikariPool-1 - Starting...
2021-07-08_13-40-00 [restartedMain] INFO  com.zaxxer.hikari.HikariDataSource - HikariPool-1 - Start completed.
2021-07-08_13-40-00 [restartedMain] INFO  o.s.b.a.h.H2ConsoleAutoConfiguration - H2 console available at '/db'. Database available at 'jdbc:h2:mem:testdb'
2021-07-08_13-40-00 [restartedMain] INFO  o.h.jpa.internal.util.LogHelper - HHH000204: Processing PersistenceUnitInfo [name: default]
2021-07-08_13-40-00 [restartedMain] INFO  org.hibernate.Version - HHH000412: Hibernate ORM core version 5.4.27.Final
2021-07-08_13-40-00 [restartedMain] INFO  o.h.annotations.common.Version - HCANN000001: Hibernate Commons Annotations {5.1.2.Final}
2021-07-08_13-40-00 [restartedMain] INFO  org.hibernate.dialect.Dialect - HHH000400: Using dialect: org.hibernate.dialect.H2Dialect
2021-07-08_13-40-00 [restartedMain] INFO  o.h.e.t.j.p.i.JtaPlatformInitiator - HHH000490: Using JtaPlatform implementation: [org.hibernate.engine.transaction.jta.platform.internal.NoJtaPlatform]
2021-07-08_13-40-00 [restartedMain] INFO  o.s.o.j.LocalContainerEntityManagerFactoryBean - Initialized JPA EntityManagerFactory for persistence unit 'default'
2021-07-08_13-40-00 [restartedMain] INFO  o.s.b.d.a.OptionalLiveReloadServer - LiveReload server is running on port 35729
2021-07-08_13-40-00 [restartedMain] INFO  o.s.b.a.e.web.EndpointLinksResolver - Exposing 2 endpoint(s) beneath base path '/actuator'
2021-07-08_13-40-00 [restartedMain] INFO  s.d.s.w.PropertySourcedRequestMappingHandlerMapping - Mapped URL path [/v2/api-docs] onto method [springfox.documentation.swagger2.web.Swagger2Controller#getDocumentation(String, HttpServletRequest)]
2021-07-08_13-40-00 [restartedMain] INFO  o.s.s.web.DefaultSecurityFilterChain - Will secure any request with [org.springframework.security.web.context.request.async.WebAsyncManagerIntegrationFilter@1d38957c, org.springframework.security.web.context.SecurityContextPersistenceFilter@3a2b9f9e, org.springframework.security.web.header.HeaderWriterFilter@5c089b75, org.springframework.security.web.authentication.logout.LogoutFilter@24abbac6, com.cts.authorization.config.JwtRequestFilter@1193ef4, org.springframework.security.web.savedrequest.RequestCacheAwareFilter@3f4192be, org.springframework.security.web.servletapi.SecurityContextHolderAwareRequestFilter@152ad7, org.springframework.security.web.authentication.AnonymousAuthenticationFilter@28d9f74, org.springframework.security.web.session.SessionManagementFilter@3ca9c9c8, org.springframework.security.web.access.ExceptionTranslationFilter@1654d441, org.springframework.security.web.access.intercept.FilterSecurityInterceptor@23e727af]
2021-07-08_13-40-00 [restartedMain] INFO  o.s.s.c.ThreadPoolTaskExecutor - Initializing ExecutorService 'applicationTaskExecutor'
2021-07-08_13-40-00 [restartedMain] INFO  o.a.coyote.http11.Http11NioProtocol - Starting ProtocolHandler ["http-nio-8400"]
2021-07-08_13-40-00 [restartedMain] INFO  o.s.b.w.e.tomcat.TomcatWebServer - Tomcat started on port(s): 8400 (http) with context path '/auth'
2021-07-08_13-40-00 [restartedMain] INFO  s.d.s.w.p.DocumentationPluginsBootstrapper - Context refreshed
2021-07-08_13-40-00 [restartedMain] INFO  s.d.s.w.p.DocumentationPluginsBootstrapper - Found 1 custom documentation plugin(s)
2021-07-08_13-40-00 [restartedMain] INFO  s.d.s.w.s.ApiListingReferenceScanner - Scanning for api listing references
2021-07-08_13-40-00 [restartedMain] INFO  s.d.s.w.r.o.CachingOperationNameGenerator - Generating unique operation named: handleUsingGET_1
2021-07-08_13-40-00 [restartedMain] INFO  s.d.s.w.r.o.CachingOperationNameGenerator - Generating unique operation named: handleUsingGET_2
2021-07-08_13-40-00 [restartedMain] INFO  c.c.a.AuthorizationMicroserviceApplication - Started AuthorizationMicroserviceApplication in 6.439 seconds (JVM running for 7.179)
2021-07-08_13-40-00 [http-nio-8400-exec-1] INFO  o.a.c.c.C.[.[localhost].[/auth] - Initializing Spring DispatcherServlet 'dispatcherServlet'
2021-07-08_13-40-00 [http-nio-8400-exec-1] INFO  o.s.web.servlet.DispatcherServlet - Initializing Servlet 'dispatcherServlet'
2021-07-08_13-40-00 [http-nio-8400-exec-1] INFO  o.s.web.servlet.DispatcherServlet - Completed initialization in 1 ms
2021-07-08_13-40-00 [http-nio-8400-exec-1] INFO  c.c.a.service.JwtUserDetailsService - User found
2021-07-08_13-40-00 [http-nio-8400-exec-1] INFO  c.c.a.service.JwtUserDetailsService - user successfully located
2021-07-08_13-40-00 [http-nio-8400-exec-1] INFO  c.c.a.service.JwtUserDetailsService - User found
2021-07-08_13-40-00 [http-nio-8400-exec-1] INFO  c.c.a.service.JwtUserDetailsService - user successfully located
2021-07-08_13-40-00 [http-nio-8400-exec-2] INFO  c.c.a.service.JwtUserDetailsService - User found
2021-07-08_13-40-00 [http-nio-8400-exec-2] INFO  c.c.a.service.JwtUserDetailsService - user successfully located
2021-07-08_13-40-00 [http-nio-8400-exec-3] INFO  c.c.a.service.JwtUserDetailsService - User found
2021-07-08_13-40-00 [http-nio-8400-exec-3] INFO  c.c.a.service.JwtUserDetailsService - user successfully located
2021-07-08_13-40-00 [http-nio-8400-exec-4] INFO  c.c.a.service.JwtUserDetailsService - User found
2021-07-08_13-40-00 [http-nio-8400-exec-4] INFO  c.c.a.service.JwtUserDetailsService - user successfully located
2021-07-08_13-40-00 [http-nio-8400-exec-5] INFO  c.c.a.service.JwtUserDetailsService - User found
2021-07-08_13-40-00 [http-nio-8400-exec-5] INFO  c.c.a.service.JwtUserDetailsService - user successfully located
2021-07-08_13-40-00 [http-nio-8400-exec-6] INFO  c.c.a.service.JwtUserDetailsService - User found
2021-07-08_13-40-00 [http-nio-8400-exec-6] INFO  c.c.a.service.JwtUserDetailsService - user successfully located
2021-07-08_13-40-00 [http-nio-8400-exec-7] INFO  c.c.a.service.JwtUserDetailsService - User found
2021-07-08_13-40-00 [http-nio-8400-exec-7] INFO  c.c.a.service.JwtUserDetailsService - user successfully located
2021-07-08_13-40-00 [http-nio-8400-exec-8] INFO  c.c.a.service.JwtUserDetailsService - User found
2021-07-08_13-40-00 [http-nio-8400-exec-8] INFO  c.c.a.service.JwtUserDetailsService - user successfully located
2021-07-08_13-40-00 [http-nio-8400-exec-9] INFO  c.c.a.service.JwtUserDetailsService - User found
2021-07-08_13-40-00 [http-nio-8400-exec-9] INFO  c.c.a.service.JwtUserDetailsService - user successfully located
2021-07-08_13-40-00 [http-nio-8400-exec-10] INFO  c.c.a.service.JwtUserDetailsService - User found
2021-07-08_13-40-00 [http-nio-8400-exec-10] INFO  c.c.a.service.JwtUserDetailsService - user successfully located
2021-07-08_13-40-00 [http-nio-8400-exec-1] INFO  c.c.a.service.JwtUserDetailsService - User found
2021-07-08_13-40-00 [http-nio-8400-exec-1] INFO  c.c.a.service.JwtUserDetailsService - user successfully located
2021-07-08_13-40-00 [http-nio-8400-exec-6] INFO  c.c.a.service.JwtUserDetailsService - User found
2021-07-08_13-40-00 [http-nio-8400-exec-6] INFO  c.c.a.service.JwtUserDetailsService - user successfully located
2021-07-08_13-40-00 [http-nio-8400-exec-7] INFO  c.c.a.service.JwtUserDetailsService - User found
2021-07-08_13-40-00 [http-nio-8400-exec-7] INFO  c.c.a.service.JwtUserDetailsService - user successfully located
2021-07-08_13-40-00 [http-nio-8400-exec-8] INFO  c.c.a.service.JwtUserDetailsService - User found
2021-07-08_13-40-00 [http-nio-8400-exec-8] INFO  c.c.a.service.JwtUserDetailsService - user successfully located
2021-07-08_13-40-00 [http-nio-8400-exec-9] INFO  c.c.a.service.JwtUserDetailsService - User found
2021-07-08_13-40-00 [http-nio-8400-exec-9] INFO  c.c.a.service.JwtUserDetailsService - user successfully located
2021-07-08_13-40-00 [http-nio-8400-exec-10] INFO  c.c.a.service.JwtUserDetailsService - User found
2021-07-08_13-40-00 [http-nio-8400-exec-10] INFO  c.c.a.service.JwtUserDetailsService - user successfully located
2021-07-08_13-40-00 [http-nio-8400-exec-1] INFO  c.c.a.service.JwtUserDetailsService - User found
2021-07-08_13-40-00 [http-nio-8400-exec-1] INFO  c.c.a.service.JwtUserDetailsService - user successfully located
2021-07-08_13-40-00 [http-nio-8400-exec-2] INFO  c.c.a.service.JwtUserDetailsService - User found
2021-07-08_13-40-00 [http-nio-8400-exec-2] INFO  c.c.a.service.JwtUserDetailsService - user successfully located
2021-07-08_13-40-00 [http-nio-8400-exec-3] INFO  c.c.a.service.JwtUserDetailsService - User found
2021-07-08_13-40-00 [http-nio-8400-exec-3] INFO  c.c.a.service.JwtUserDetailsService - user successfully located
2021-07-08_13-40-00 [http-nio-8400-exec-4] INFO  c.c.a.service.JwtUserDetailsService - User found
2021-07-08_13-40-00 [http-nio-8400-exec-4] INFO  c.c.a.service.JwtUserDetailsService - user successfully located
2021-07-08_13-40-00 [http-nio-8400-exec-5] INFO  c.c.a.service.JwtUserDetailsService - User found
2021-07-08_13-40-00 [http-nio-8400-exec-5] INFO  c.c.a.service.JwtUserDetailsService - user successfully located
2021-07-08_13-40-00 [http-nio-8400-exec-6] INFO  c.c.a.service.JwtUserDetailsService - User found
2021-07-08_13-40-00 [http-nio-8400-exec-6] INFO  c.c.a.service.JwtUserDetailsService - user successfully located
2021-07-08_23-00-40 [restartedMain] INFO  c.c.a.AuthorizationMicroserviceApplication - Starting AuthorizationMicroserviceApplication using Java 16 on LAPTOP-BBS1GGQ7 with PID 7652 (C:\Users\Pallav\eclipse-workspace\Pension-Management-System-main\Authorization-Microservice\target\classes started by Pallav in C:\Users\Pallav\eclipse-workspace\Pension-Management-System-main\Authorization-Microservice)
2021-07-08_23-00-40 [restartedMain] INFO  c.c.a.AuthorizationMicroserviceApplication - No active profile set, falling back to default profiles: default
2021-07-08_23-00-40 [restartedMain] INFO  o.s.b.d.e.DevToolsPropertyDefaultsPostProcessor - Devtools property defaults active! Set 'spring.devtools.add-properties' to 'false' to disable
2021-07-08_23-00-40 [restartedMain] INFO  o.s.b.d.e.DevToolsPropertyDefaultsPostProcessor - For additional web related logging consider setting the 'logging.level.web' property to 'DEBUG'
2021-07-08_23-00-40 [restartedMain] INFO  o.s.d.r.c.RepositoryConfigurationDelegate - Bootstrapping Spring Data JPA repositories in DEFAULT mode.
2021-07-08_23-00-40 [restartedMain] INFO  o.s.d.r.c.RepositoryConfigurationDelegate - Finished Spring Data repository scanning in 61 ms. Found 1 JPA repository interfaces.
2021-07-08_23-00-40 [restartedMain] INFO  o.s.cloud.context.scope.GenericScope - BeanFactory id=edddad8d-4f8b-3de1-9e23-4996f9518ee0
2021-07-08_23-00-40 [restartedMain] INFO  o.s.b.w.e.tomcat.TomcatWebServer - Tomcat initialized with port(s): 8400 (http)
2021-07-08_23-00-40 [restartedMain] INFO  o.a.coyote.http11.Http11NioProtocol - Initializing ProtocolHandler ["http-nio-8400"]
2021-07-08_23-00-40 [restartedMain] INFO  o.a.catalina.core.StandardService - Starting service [Tomcat]
2021-07-08_23-00-40 [restartedMain] INFO  o.a.catalina.core.StandardEngine - Starting Servlet engine: [Apache Tomcat/9.0.41]
2021-07-08_23-00-40 [restartedMain] INFO  o.a.c.c.C.[.[localhost].[/auth] - Initializing Spring embedded WebApplicationContext
2021-07-08_23-00-40 [restartedMain] INFO  o.s.b.w.s.c.ServletWebServerApplicationContext - Root WebApplicationContext: initialization completed in 2946 ms
2021-07-08_23-00-40 [restartedMain] INFO  com.zaxxer.hikari.HikariDataSource - HikariPool-1 - Starting...
2021-07-08_23-00-40 [restartedMain] INFO  com.zaxxer.hikari.HikariDataSource - HikariPool-1 - Start completed.
2021-07-08_23-00-40 [restartedMain] INFO  o.s.b.a.h.H2ConsoleAutoConfiguration - H2 console available at '/db'. Database available at 'jdbc:h2:mem:testdb'
2021-07-08_23-00-40 [restartedMain] INFO  o.h.jpa.internal.util.LogHelper - HHH000204: Processing PersistenceUnitInfo [name: default]
2021-07-08_23-00-40 [restartedMain] INFO  org.hibernate.Version - HHH000412: Hibernate ORM core version 5.4.27.Final
2021-07-08_23-00-40 [restartedMain] INFO  o.h.annotations.common.Version - HCANN000001: Hibernate Commons Annotations {5.1.2.Final}
2021-07-08_23-00-40 [restartedMain] INFO  org.hibernate.dialect.Dialect - HHH000400: Using dialect: org.hibernate.dialect.H2Dialect
2021-07-08_23-00-40 [restartedMain] INFO  o.h.e.t.j.p.i.JtaPlatformInitiator - HHH000490: Using JtaPlatform implementation: [org.hibernate.engine.transaction.jta.platform.internal.NoJtaPlatform]
2021-07-08_23-00-40 [restartedMain] INFO  o.s.o.j.LocalContainerEntityManagerFactoryBean - Initialized JPA EntityManagerFactory for persistence unit 'default'
2021-07-08_23-00-40 [restartedMain] INFO  o.s.b.d.a.OptionalLiveReloadServer - LiveReload server is running on port 35729
2021-07-08_23-00-40 [restartedMain] INFO  o.s.b.a.e.web.EndpointLinksResolver - Exposing 2 endpoint(s) beneath base path '/actuator'
2021-07-08_23-00-40 [restartedMain] INFO  s.d.s.w.PropertySourcedRequestMappingHandlerMapping - Mapped URL path [/v2/api-docs] onto method [springfox.documentation.swagger2.web.Swagger2Controller#getDocumentation(String, HttpServletRequest)]
2021-07-08_23-00-40 [restartedMain] INFO  o.s.s.web.DefaultSecurityFilterChain - Will secure any request with [org.springframework.security.web.context.request.async.WebAsyncManagerIntegrationFilter@4e203419, org.springframework.security.web.context.SecurityContextPersistenceFilter@18884d88, org.springframework.security.web.header.HeaderWriterFilter@2d33b770, org.springframework.security.web.authentication.logout.LogoutFilter@2325b941, com.cts.authorization.config.JwtRequestFilter@216e0aba, org.springframework.security.web.savedrequest.RequestCacheAwareFilter@1e741a0d, org.springframework.security.web.servletapi.SecurityContextHolderAwareRequestFilter@4b47c371, org.springframework.security.web.authentication.AnonymousAuthenticationFilter@6e24fd7a, org.springframework.security.web.session.SessionManagementFilter@5ac09861, org.springframework.security.web.access.ExceptionTranslationFilter@1dfddc4e, org.springframework.security.web.access.intercept.FilterSecurityInterceptor@62e12953]
2021-07-08_23-00-40 [restartedMain] INFO  o.s.s.c.ThreadPoolTaskExecutor - Initializing ExecutorService 'applicationTaskExecutor'
2021-07-08_23-00-40 [restartedMain] INFO  o.a.coyote.http11.Http11NioProtocol - Starting ProtocolHandler ["http-nio-8400"]
2021-07-08_23-00-40 [restartedMain] INFO  o.s.b.w.e.tomcat.TomcatWebServer - Tomcat started on port(s): 8400 (http) with context path '/auth'
2021-07-08_23-00-40 [restartedMain] INFO  s.d.s.w.p.DocumentationPluginsBootstrapper - Context refreshed
2021-07-08_23-00-40 [restartedMain] INFO  s.d.s.w.p.DocumentationPluginsBootstrapper - Found 1 custom documentation plugin(s)
2021-07-08_23-00-40 [restartedMain] INFO  s.d.s.w.s.ApiListingReferenceScanner - Scanning for api listing references
2021-07-08_23-00-40 [restartedMain] INFO  s.d.s.w.r.o.CachingOperationNameGenerator - Generating unique operation named: handleUsingGET_1
2021-07-08_23-00-40 [restartedMain] INFO  s.d.s.w.r.o.CachingOperationNameGenerator - Generating unique operation named: handleUsingGET_2
2021-07-08_23-00-40 [restartedMain] INFO  c.c.a.AuthorizationMicroserviceApplication - Started AuthorizationMicroserviceApplication in 7.305 seconds (JVM running for 8.097)
2021-07-08_23-01-18 [restartedMain] INFO  c.c.a.AuthorizationMicroserviceApplication - Starting AuthorizationMicroserviceApplication using Java 16 on LAPTOP-BBS1GGQ7 with PID 19484 (C:\Users\Pallav\eclipse-workspace\Pension-Management-System-main\Authorization-Microservice\target\classes started by Pallav in C:\Users\Pallav\eclipse-workspace\Pension-Management-System-main\Authorization-Microservice)
2021-07-08_23-01-18 [restartedMain] INFO  c.c.a.AuthorizationMicroserviceApplication - No active profile set, falling back to default profiles: default
2021-07-08_23-01-18 [restartedMain] INFO  o.s.b.d.e.DevToolsPropertyDefaultsPostProcessor - Devtools property defaults active! Set 'spring.devtools.add-properties' to 'false' to disable
2021-07-08_23-01-18 [restartedMain] INFO  o.s.b.d.e.DevToolsPropertyDefaultsPostProcessor - For additional web related logging consider setting the 'logging.level.web' property to 'DEBUG'
2021-07-08_23-01-18 [restartedMain] INFO  o.s.d.r.c.RepositoryConfigurationDelegate - Bootstrapping Spring Data JPA repositories in DEFAULT mode.
2021-07-08_23-01-18 [restartedMain] INFO  o.s.d.r.c.RepositoryConfigurationDelegate - Finished Spring Data repository scanning in 56 ms. Found 1 JPA repository interfaces.
2021-07-08_23-01-18 [restartedMain] INFO  o.s.cloud.context.scope.GenericScope - BeanFactory id=edddad8d-4f8b-3de1-9e23-4996f9518ee0
2021-07-08_23-01-18 [restartedMain] INFO  o.s.b.w.e.tomcat.TomcatWebServer - Tomcat initialized with port(s): 8400 (http)
2021-07-08_23-01-18 [restartedMain] INFO  o.a.coyote.http11.Http11NioProtocol - Initializing ProtocolHandler ["http-nio-8400"]
2021-07-08_23-01-18 [restartedMain] INFO  o.a.catalina.core.StandardService - Starting service [Tomcat]
2021-07-08_23-01-18 [restartedMain] INFO  o.a.catalina.core.StandardEngine - Starting Servlet engine: [Apache Tomcat/9.0.41]
2021-07-08_23-01-18 [restartedMain] INFO  o.a.c.c.C.[.[localhost].[/auth] - Initializing Spring embedded WebApplicationContext
2021-07-08_23-01-18 [restartedMain] INFO  o.s.b.w.s.c.ServletWebServerApplicationContext - Root WebApplicationContext: initialization completed in 2582 ms
2021-07-08_23-01-18 [restartedMain] INFO  com.zaxxer.hikari.HikariDataSource - HikariPool-1 - Starting...
2021-07-08_23-01-18 [restartedMain] INFO  com.zaxxer.hikari.HikariDataSource - HikariPool-1 - Start completed.
2021-07-08_23-01-18 [restartedMain] INFO  o.s.b.a.h.H2ConsoleAutoConfiguration - H2 console available at '/db'. Database available at 'jdbc:h2:mem:testdb'
2021-07-08_23-01-18 [restartedMain] INFO  o.h.jpa.internal.util.LogHelper - HHH000204: Processing PersistenceUnitInfo [name: default]
2021-07-08_23-01-18 [restartedMain] INFO  org.hibernate.Version - HHH000412: Hibernate ORM core version 5.4.27.Final
2021-07-08_23-01-18 [restartedMain] INFO  o.h.annotations.common.Version - HCANN000001: Hibernate Commons Annotations {5.1.2.Final}
2021-07-08_23-01-18 [restartedMain] INFO  org.hibernate.dialect.Dialect - HHH000400: Using dialect: org.hibernate.dialect.H2Dialect
2021-07-08_23-01-18 [restartedMain] INFO  o.h.e.t.j.p.i.JtaPlatformInitiator - HHH000490: Using JtaPlatform implementation: [org.hibernate.engine.transaction.jta.platform.internal.NoJtaPlatform]
2021-07-08_23-01-18 [restartedMain] INFO  o.s.o.j.LocalContainerEntityManagerFactoryBean - Initialized JPA EntityManagerFactory for persistence unit 'default'
2021-07-08_23-01-18 [restartedMain] INFO  o.s.b.a.e.web.EndpointLinksResolver - Exposing 2 endpoint(s) beneath base path '/actuator'
2021-07-08_23-01-18 [restartedMain] INFO  s.d.s.w.PropertySourcedRequestMappingHandlerMapping - Mapped URL path [/v2/api-docs] onto method [springfox.documentation.swagger2.web.Swagger2Controller#getDocumentation(String, HttpServletRequest)]
2021-07-08_23-01-18 [restartedMain] INFO  o.s.s.web.DefaultSecurityFilterChain - Will secure any request with [org.springframework.security.web.context.request.async.WebAsyncManagerIntegrationFilter@25e251a2, org.springframework.security.web.context.SecurityContextPersistenceFilter@695289b4, org.springframework.security.web.header.HeaderWriterFilter@63a48a36, org.springframework.security.web.authentication.logout.LogoutFilter@3c157046, com.cts.authorization.config.JwtRequestFilter@3a1efa4e, org.springframework.security.web.savedrequest.RequestCacheAwareFilter@11162016, org.springframework.security.web.servletapi.SecurityContextHolderAwareRequestFilter@708a1bb3, org.springframework.security.web.authentication.AnonymousAuthenticationFilter@66fc679b, org.springframework.security.web.session.SessionManagementFilter@3d0f69cc, org.springframework.security.web.access.ExceptionTranslationFilter@3015f580, org.springframework.security.web.access.intercept.FilterSecurityInterceptor@5a5de5]
2021-07-08_23-01-18 [restartedMain] INFO  o.s.s.c.ThreadPoolTaskExecutor - Initializing ExecutorService 'applicationTaskExecutor'
2021-07-08_23-01-18 [restartedMain] INFO  o.a.coyote.http11.Http11NioProtocol - Starting ProtocolHandler ["http-nio-8400"]
2021-07-08_23-01-18 [restartedMain] INFO  o.s.s.c.ThreadPoolTaskExecutor - Shutting down ExecutorService 'applicationTaskExecutor'
2021-07-08_23-01-18 [restartedMain] INFO  o.s.o.j.LocalContainerEntityManagerFactoryBean - Closing JPA EntityManagerFactory for persistence unit 'default'
2021-07-08_23-01-18 [restartedMain] INFO  o.h.t.s.i.SchemaDropperImpl$DelayedDropActionImpl - HHH000477: Starting delayed evictData of schema as part of SessionFactory shut-down'
2021-07-08_23-01-18 [restartedMain] INFO  com.zaxxer.hikari.HikariDataSource - HikariPool-1 - Shutdown initiated...
2021-07-08_23-01-18 [restartedMain] INFO  com.zaxxer.hikari.HikariDataSource - HikariPool-1 - Shutdown completed.
2021-07-08_23-01-18 [restartedMain] INFO  o.a.coyote.http11.Http11NioProtocol - Pausing ProtocolHandler ["http-nio-8400"]
2021-07-08_23-01-18 [restartedMain] INFO  o.a.catalina.core.StandardService - Stopping service [Tomcat]
2021-07-08_23-01-18 [restartedMain] INFO  o.a.coyote.http11.Http11NioProtocol - Stopping ProtocolHandler ["http-nio-8400"]
2021-07-08_23-01-18 [restartedMain] INFO  o.a.coyote.http11.Http11NioProtocol - Destroying ProtocolHandler ["http-nio-8400"]
2021-07-08_23-01-18 [restartedMain] INFO  o.s.b.a.l.ConditionEvaluationReportLoggingListener - 

Error starting ApplicationContext. To display the conditions report re-run your application with 'debug' enabled.
2021-07-08_23-02-01 [restartedMain] INFO  c.c.a.AuthorizationMicroserviceApplication - Starting AuthorizationMicroserviceApplication using Java 16 on LAPTOP-BBS1GGQ7 with PID 16272 (C:\Users\Pallav\eclipse-workspace\Pension-Management-System-main\Authorization-Microservice\target\classes started by Pallav in C:\Users\Pallav\eclipse-workspace\Pension-Management-System-main\Authorization-Microservice)
2021-07-08_23-02-01 [restartedMain] INFO  c.c.a.AuthorizationMicroserviceApplication - No active profile set, falling back to default profiles: default
2021-07-08_23-02-01 [restartedMain] INFO  o.s.b.d.e.DevToolsPropertyDefaultsPostProcessor - Devtools property defaults active! Set 'spring.devtools.add-properties' to 'false' to disable
2021-07-08_23-02-01 [restartedMain] INFO  o.s.b.d.e.DevToolsPropertyDefaultsPostProcessor - For additional web related logging consider setting the 'logging.level.web' property to 'DEBUG'
2021-07-08_23-02-01 [restartedMain] INFO  o.s.d.r.c.RepositoryConfigurationDelegate - Bootstrapping Spring Data JPA repositories in DEFAULT mode.
2021-07-08_23-02-01 [restartedMain] INFO  o.s.d.r.c.RepositoryConfigurationDelegate - Finished Spring Data repository scanning in 57 ms. Found 1 JPA repository interfaces.
2021-07-08_23-02-01 [restartedMain] INFO  o.s.cloud.context.scope.GenericScope - BeanFactory id=edddad8d-4f8b-3de1-9e23-4996f9518ee0
2021-07-08_23-02-01 [restartedMain] INFO  o.s.b.w.e.tomcat.TomcatWebServer - Tomcat initialized with port(s): 8400 (http)
2021-07-08_23-02-01 [restartedMain] INFO  o.a.coyote.http11.Http11NioProtocol - Initializing ProtocolHandler ["http-nio-8400"]
2021-07-08_23-02-01 [restartedMain] INFO  o.a.catalina.core.StandardService - Starting service [Tomcat]
2021-07-08_23-02-01 [restartedMain] INFO  o.a.catalina.core.StandardEngine - Starting Servlet engine: [Apache Tomcat/9.0.41]
2021-07-08_23-02-01 [restartedMain] INFO  o.a.c.c.C.[.[localhost].[/auth] - Initializing Spring embedded WebApplicationContext
2021-07-08_23-02-01 [restartedMain] INFO  o.s.b.w.s.c.ServletWebServerApplicationContext - Root WebApplicationContext: initialization completed in 2466 ms
2021-07-08_23-02-01 [restartedMain] INFO  com.zaxxer.hikari.HikariDataSource - HikariPool-1 - Starting...
2021-07-08_23-02-01 [restartedMain] INFO  com.zaxxer.hikari.HikariDataSource - HikariPool-1 - Start completed.
2021-07-08_23-02-01 [restartedMain] INFO  o.s.b.a.h.H2ConsoleAutoConfiguration - H2 console available at '/db'. Database available at 'jdbc:h2:mem:testdb'
2021-07-08_23-02-01 [restartedMain] INFO  o.h.jpa.internal.util.LogHelper - HHH000204: Processing PersistenceUnitInfo [name: default]
2021-07-08_23-02-01 [restartedMain] INFO  org.hibernate.Version - HHH000412: Hibernate ORM core version 5.4.27.Final
2021-07-08_23-02-01 [restartedMain] INFO  o.h.annotations.common.Version - HCANN000001: Hibernate Commons Annotations {5.1.2.Final}
2021-07-08_23-02-01 [restartedMain] INFO  org.hibernate.dialect.Dialect - HHH000400: Using dialect: org.hibernate.dialect.H2Dialect
2021-07-08_23-02-01 [restartedMain] INFO  o.h.e.t.j.p.i.JtaPlatformInitiator - HHH000490: Using JtaPlatform implementation: [org.hibernate.engine.transaction.jta.platform.internal.NoJtaPlatform]
2021-07-08_23-02-01 [restartedMain] INFO  o.s.o.j.LocalContainerEntityManagerFactoryBean - Initialized JPA EntityManagerFactory for persistence unit 'default'
2021-07-08_23-02-01 [restartedMain] INFO  o.s.b.d.a.OptionalLiveReloadServer - LiveReload server is running on port 35729
2021-07-08_23-02-01 [restartedMain] INFO  o.s.b.a.e.web.EndpointLinksResolver - Exposing 2 endpoint(s) beneath base path '/actuator'
2021-07-08_23-02-01 [restartedMain] INFO  s.d.s.w.PropertySourcedRequestMappingHandlerMapping - Mapped URL path [/v2/api-docs] onto method [springfox.documentation.swagger2.web.Swagger2Controller#getDocumentation(String, HttpServletRequest)]
2021-07-08_23-02-01 [restartedMain] INFO  o.s.s.web.DefaultSecurityFilterChain - Will secure any request with [org.springframework.security.web.context.request.async.WebAsyncManagerIntegrationFilter@3fdb8d68, org.springframework.security.web.context.SecurityContextPersistenceFilter@66e09d82, org.springframework.security.web.header.HeaderWriterFilter@563b6cb6, org.springframework.security.web.authentication.logout.LogoutFilter@5ed77120, com.cts.authorization.config.JwtRequestFilter@73481226, org.springframework.security.web.savedrequest.RequestCacheAwareFilter@3c75dff8, org.springframework.security.web.servletapi.SecurityContextHolderAwareRequestFilter@7d481ab7, org.springframework.security.web.authentication.AnonymousAuthenticationFilter@358d526c, org.springframework.security.web.session.SessionManagementFilter@52da9bdd, org.springframework.security.web.access.ExceptionTranslationFilter@7e43445a, org.springframework.security.web.access.intercept.FilterSecurityInterceptor@10a0fa69]
2021-07-08_23-02-01 [restartedMain] INFO  o.s.s.c.ThreadPoolTaskExecutor - Initializing ExecutorService 'applicationTaskExecutor'
2021-07-08_23-02-01 [restartedMain] INFO  o.a.coyote.http11.Http11NioProtocol - Starting ProtocolHandler ["http-nio-8400"]
2021-07-08_23-02-01 [restartedMain] INFO  o.s.b.w.e.tomcat.TomcatWebServer - Tomcat started on port(s): 8400 (http) with context path '/auth'
2021-07-08_23-02-01 [restartedMain] INFO  s.d.s.w.p.DocumentationPluginsBootstrapper - Context refreshed
2021-07-08_23-02-01 [restartedMain] INFO  s.d.s.w.p.DocumentationPluginsBootstrapper - Found 1 custom documentation plugin(s)
2021-07-08_23-02-01 [restartedMain] INFO  s.d.s.w.s.ApiListingReferenceScanner - Scanning for api listing references
2021-07-08_23-02-01 [restartedMain] INFO  s.d.s.w.r.o.CachingOperationNameGenerator - Generating unique operation named: handleUsingGET_1
2021-07-08_23-02-01 [restartedMain] INFO  s.d.s.w.r.o.CachingOperationNameGenerator - Generating unique operation named: handleUsingGET_2
2021-07-08_23-02-01 [restartedMain] INFO  c.c.a.AuthorizationMicroserviceApplication - Started AuthorizationMicroserviceApplication in 6.429 seconds (JVM running for 7.159)
2021-07-08_23-02-01 [http-nio-8400-exec-1] INFO  o.a.c.c.C.[.[localhost].[/auth] - Initializing Spring DispatcherServlet 'dispatcherServlet'
2021-07-08_23-02-01 [http-nio-8400-exec-1] INFO  o.s.web.servlet.DispatcherServlet - Initializing Servlet 'dispatcherServlet'
2021-07-08_23-02-01 [http-nio-8400-exec-1] INFO  o.s.web.servlet.DispatcherServlet - Completed initialization in 3 ms
2021-07-08_23-02-01 [http-nio-8400-exec-1] INFO  c.c.a.service.JwtUserDetailsService - User found
2021-07-08_23-02-01 [http-nio-8400-exec-1] INFO  c.c.a.service.JwtUserDetailsService - user successfully located
2021-07-08_23-02-01 [http-nio-8400-exec-1] INFO  c.c.a.service.JwtUserDetailsService - User found
2021-07-08_23-02-01 [http-nio-8400-exec-1] INFO  c.c.a.service.JwtUserDetailsService - user successfully located
2021-07-08_23-12-32 [restartedMain] INFO  c.c.a.AuthorizationMicroserviceApplication - Starting AuthorizationMicroserviceApplication using Java 16 on LAPTOP-BBS1GGQ7 with PID 18332 (C:\Users\Pallav\eclipse-workspace\Pension-Management-System-main\Authorization-Microservice\target\classes started by Pallav in C:\Users\Pallav\eclipse-workspace\Pension-Management-System-main\Authorization-Microservice)
2021-07-08_23-12-32 [restartedMain] INFO  c.c.a.AuthorizationMicroserviceApplication - No active profile set, falling back to default profiles: default
2021-07-08_23-12-32 [restartedMain] INFO  o.s.b.d.e.DevToolsPropertyDefaultsPostProcessor - Devtools property defaults active! Set 'spring.devtools.add-properties' to 'false' to disable
2021-07-08_23-12-32 [restartedMain] INFO  o.s.b.d.e.DevToolsPropertyDefaultsPostProcessor - For additional web related logging consider setting the 'logging.level.web' property to 'DEBUG'
2021-07-08_23-12-32 [restartedMain] INFO  o.s.d.r.c.RepositoryConfigurationDelegate - Bootstrapping Spring Data JPA repositories in DEFAULT mode.
2021-07-08_23-12-32 [restartedMain] INFO  o.s.d.r.c.RepositoryConfigurationDelegate - Finished Spring Data repository scanning in 54 ms. Found 1 JPA repository interfaces.
2021-07-08_23-12-32 [restartedMain] INFO  o.s.cloud.context.scope.GenericScope - BeanFactory id=edddad8d-4f8b-3de1-9e23-4996f9518ee0
2021-07-08_23-12-32 [restartedMain] INFO  o.s.b.w.e.tomcat.TomcatWebServer - Tomcat initialized with port(s): 8400 (http)
2021-07-08_23-12-32 [restartedMain] INFO  o.a.coyote.http11.Http11NioProtocol - Initializing ProtocolHandler ["http-nio-8400"]
2021-07-08_23-12-32 [restartedMain] INFO  o.a.catalina.core.StandardService - Starting service [Tomcat]
2021-07-08_23-12-32 [restartedMain] INFO  o.a.catalina.core.StandardEngine - Starting Servlet engine: [Apache Tomcat/9.0.41]
2021-07-08_23-12-32 [restartedMain] INFO  o.a.c.c.C.[.[localhost].[/auth] - Initializing Spring embedded WebApplicationContext
2021-07-08_23-12-32 [restartedMain] INFO  o.s.b.w.s.c.ServletWebServerApplicationContext - Root WebApplicationContext: initialization completed in 2395 ms
2021-07-08_23-12-32 [restartedMain] INFO  com.zaxxer.hikari.HikariDataSource - HikariPool-1 - Starting...
2021-07-08_23-12-32 [restartedMain] INFO  com.zaxxer.hikari.HikariDataSource - HikariPool-1 - Start completed.
2021-07-08_23-12-32 [restartedMain] INFO  o.s.b.a.h.H2ConsoleAutoConfiguration - H2 console available at '/db'. Database available at 'jdbc:h2:mem:testdb'
2021-07-08_23-12-32 [restartedMain] INFO  o.h.jpa.internal.util.LogHelper - HHH000204: Processing PersistenceUnitInfo [name: default]
2021-07-08_23-12-32 [restartedMain] INFO  org.hibernate.Version - HHH000412: Hibernate ORM core version 5.4.27.Final
2021-07-08_23-12-32 [restartedMain] INFO  o.h.annotations.common.Version - HCANN000001: Hibernate Commons Annotations {5.1.2.Final}
2021-07-08_23-12-32 [restartedMain] INFO  org.hibernate.dialect.Dialect - HHH000400: Using dialect: org.hibernate.dialect.H2Dialect
2021-07-08_23-12-32 [restartedMain] INFO  o.h.e.t.j.p.i.JtaPlatformInitiator - HHH000490: Using JtaPlatform implementation: [org.hibernate.engine.transaction.jta.platform.internal.NoJtaPlatform]
2021-07-08_23-12-32 [restartedMain] INFO  o.s.o.j.LocalContainerEntityManagerFactoryBean - Initialized JPA EntityManagerFactory for persistence unit 'default'
2021-07-08_23-12-32 [restartedMain] INFO  o.s.b.a.e.web.EndpointLinksResolver - Exposing 2 endpoint(s) beneath base path '/actuator'
2021-07-08_23-12-32 [restartedMain] INFO  s.d.s.w.PropertySourcedRequestMappingHandlerMapping - Mapped URL path [/v2/api-docs] onto method [springfox.documentation.swagger2.web.Swagger2Controller#getDocumentation(String, HttpServletRequest)]
2021-07-08_23-12-32 [restartedMain] INFO  o.s.s.web.DefaultSecurityFilterChain - Will secure any request with [org.springframework.security.web.context.request.async.WebAsyncManagerIntegrationFilter@3d195bdc, org.springframework.security.web.context.SecurityContextPersistenceFilter@20bc9b2, org.springframework.security.web.header.HeaderWriterFilter@749ba6a6, org.springframework.security.web.authentication.logout.LogoutFilter@4709719c, com.cts.authorization.config.JwtRequestFilter@306cf5ad, org.springframework.security.web.savedrequest.RequestCacheAwareFilter@4808cd67, org.springframework.security.web.servletapi.SecurityContextHolderAwareRequestFilter@5a2db5b7, org.springframework.security.web.authentication.AnonymousAuthenticationFilter@71f2297f, org.springframework.security.web.session.SessionManagementFilter@959d6af, org.springframework.security.web.access.ExceptionTranslationFilter@56bc7ea5, org.springframework.security.web.access.intercept.FilterSecurityInterceptor@5c5c0ff0]
2021-07-08_23-12-32 [restartedMain] INFO  o.s.s.c.ThreadPoolTaskExecutor - Initializing ExecutorService 'applicationTaskExecutor'
2021-07-08_23-12-32 [restartedMain] INFO  o.a.coyote.http11.Http11NioProtocol - Starting ProtocolHandler ["http-nio-8400"]
2021-07-08_23-12-32 [restartedMain] INFO  o.s.b.w.e.tomcat.TomcatWebServer - Tomcat started on port(s): 8400 (http) with context path '/auth'
2021-07-08_23-12-32 [restartedMain] INFO  s.d.s.w.p.DocumentationPluginsBootstrapper - Context refreshed
2021-07-08_23-12-32 [restartedMain] INFO  s.d.s.w.p.DocumentationPluginsBootstrapper - Found 1 custom documentation plugin(s)
2021-07-08_23-12-32 [restartedMain] INFO  s.d.s.w.s.ApiListingReferenceScanner - Scanning for api listing references
2021-07-08_23-12-32 [restartedMain] INFO  s.d.s.w.r.o.CachingOperationNameGenerator - Generating unique operation named: handleUsingGET_1
2021-07-08_23-12-32 [restartedMain] INFO  s.d.s.w.r.o.CachingOperationNameGenerator - Generating unique operation named: handleUsingGET_2
2021-07-08_23-12-32 [restartedMain] INFO  c.c.a.AuthorizationMicroserviceApplication - Started AuthorizationMicroserviceApplication in 6.223 seconds (JVM running for 6.956)
2021-07-08_23-12-32 [http-nio-8400-exec-1] INFO  o.a.c.c.C.[.[localhost].[/auth] - Initializing Spring DispatcherServlet 'dispatcherServlet'
2021-07-08_23-12-32 [http-nio-8400-exec-1] INFO  o.s.web.servlet.DispatcherServlet - Initializing Servlet 'dispatcherServlet'
2021-07-08_23-12-32 [http-nio-8400-exec-1] INFO  o.s.web.servlet.DispatcherServlet - Completed initialization in 2 ms
2021-07-08_23-12-32 [http-nio-8400-exec-1] INFO  c.c.a.service.JwtUserDetailsService - User found
2021-07-08_23-12-32 [http-nio-8400-exec-1] INFO  c.c.a.service.JwtUserDetailsService - user successfully located
2021-07-08_23-12-32 [http-nio-8400-exec-1] INFO  c.c.a.service.JwtUserDetailsService - User found
2021-07-08_23-12-32 [http-nio-8400-exec-1] INFO  c.c.a.service.JwtUserDetailsService - user successfully located
2021-07-08_23-12-32 [http-nio-8400-exec-2] INFO  c.c.a.service.JwtUserDetailsService - User found
2021-07-08_23-12-32 [http-nio-8400-exec-2] INFO  c.c.a.service.JwtUserDetailsService - user successfully located
2021-07-08_23-12-32 [http-nio-8400-exec-2] INFO  c.c.a.service.JwtUserDetailsService - User found
2021-07-08_23-12-32 [http-nio-8400-exec-2] INFO  c.c.a.service.JwtUserDetailsService - user successfully located
2021-07-08_23-12-32 [http-nio-8400-exec-5] INFO  c.c.a.service.JwtUserDetailsService - User found
2021-07-08_23-12-32 [http-nio-8400-exec-5] INFO  c.c.a.service.JwtUserDetailsService - user successfully located
2021-07-08_23-12-32 [http-nio-8400-exec-5] INFO  c.c.a.service.JwtUserDetailsService - User found
2021-07-08_23-12-32 [http-nio-8400-exec-5] INFO  c.c.a.service.JwtUserDetailsService - user successfully located
2021-07-08_23-12-32 [http-nio-8400-exec-6] INFO  c.c.a.service.JwtUserDetailsService - User found
2021-07-08_23-12-32 [http-nio-8400-exec-6] INFO  c.c.a.service.JwtUserDetailsService - user successfully located
2021-07-08_23-12-32 [http-nio-8400-exec-7] INFO  c.c.a.service.JwtUserDetailsService - User found
2021-07-08_23-12-32 [http-nio-8400-exec-7] INFO  c.c.a.service.JwtUserDetailsService - user successfully located
2021-07-08_23-12-32 [http-nio-8400-exec-8] INFO  c.c.a.service.JwtUserDetailsService - User found
2021-07-08_23-12-32 [http-nio-8400-exec-8] INFO  c.c.a.service.JwtUserDetailsService - user successfully located
2021-07-08_23-12-32 [http-nio-8400-exec-10] INFO  c.c.a.service.JwtUserDetailsService - User found
2021-07-08_23-12-32 [http-nio-8400-exec-10] INFO  c.c.a.service.JwtUserDetailsService - user successfully located
2021-07-08_23-12-32 [http-nio-8400-exec-2] INFO  c.c.a.service.JwtUserDetailsService - User found
2021-07-08_23-12-32 [http-nio-8400-exec-2] INFO  c.c.a.service.JwtUserDetailsService - user successfully located
2021-07-08_23-12-32 [http-nio-8400-exec-1] INFO  c.c.a.service.JwtUserDetailsService - User found
2021-07-08_23-12-32 [http-nio-8400-exec-1] INFO  c.c.a.service.JwtUserDetailsService - user successfully located
2021-07-08_23-12-32 [http-nio-8400-exec-4] INFO  c.c.a.service.JwtUserDetailsService - User found
2021-07-08_23-12-32 [http-nio-8400-exec-4] INFO  c.c.a.service.JwtUserDetailsService - user successfully located
2021-07-08_23-12-32 [http-nio-8400-exec-3] INFO  c.c.a.service.JwtUserDetailsService - User found
2021-07-08_23-12-32 [http-nio-8400-exec-3] INFO  c.c.a.service.JwtUserDetailsService - user successfully located
2021-07-08_23-12-32 [http-nio-8400-exec-5] INFO  c.c.a.service.JwtUserDetailsService - User found
2021-07-08_23-12-32 [http-nio-8400-exec-5] INFO  c.c.a.service.JwtUserDetailsService - user successfully located
2021-07-08_23-12-32 [http-nio-8400-exec-6] INFO  c.c.a.service.JwtUserDetailsService - User found
2021-07-08_23-12-32 [http-nio-8400-exec-6] INFO  c.c.a.service.JwtUserDetailsService - user successfully located
2021-07-08_23-12-32 [http-nio-8400-exec-7] INFO  c.c.a.service.JwtUserDetailsService - User found
2021-07-08_23-12-32 [http-nio-8400-exec-7] INFO  c.c.a.service.JwtUserDetailsService - user successfully located
2021-07-08_23-12-32 [http-nio-8400-exec-8] INFO  c.c.a.service.JwtUserDetailsService - User found
2021-07-08_23-12-32 [http-nio-8400-exec-8] INFO  c.c.a.service.JwtUserDetailsService - user successfully located
2021-07-08_23-12-32 [http-nio-8400-exec-9] INFO  c.c.a.service.JwtUserDetailsService - User found
2021-07-08_23-12-32 [http-nio-8400-exec-9] INFO  c.c.a.service.JwtUserDetailsService - user successfully located
2021-07-08_23-12-32 [http-nio-8400-exec-10] INFO  c.c.a.service.JwtUserDetailsService - User found
2021-07-08_23-12-32 [http-nio-8400-exec-10] INFO  c.c.a.service.JwtUserDetailsService - user successfully located
2021-07-08_23-12-32 [http-nio-8400-exec-2] INFO  c.c.a.service.JwtUserDetailsService - User found
2021-07-08_23-12-32 [http-nio-8400-exec-2] INFO  c.c.a.service.JwtUserDetailsService - user successfully located
2021-07-08_23-12-32 [http-nio-8400-exec-1] INFO  c.c.a.service.JwtUserDetailsService - User found
2021-07-08_23-12-32 [http-nio-8400-exec-1] INFO  c.c.a.service.JwtUserDetailsService - user successfully located
2021-07-08_23-12-32 [http-nio-8400-exec-4] INFO  c.c.a.service.JwtUserDetailsService - User found
2021-07-08_23-12-32 [http-nio-8400-exec-4] INFO  c.c.a.service.JwtUserDetailsService - user successfully located
2021-07-08_23-12-32 [http-nio-8400-exec-3] INFO  c.c.a.service.JwtUserDetailsService - User found
2021-07-08_23-12-32 [http-nio-8400-exec-3] INFO  c.c.a.service.JwtUserDetailsService - user successfully located
2021-07-08_23-12-32 [http-nio-8400-exec-5] INFO  c.c.a.service.JwtUserDetailsService - User found
2021-07-08_23-12-32 [http-nio-8400-exec-5] INFO  c.c.a.service.JwtUserDetailsService - user successfully located
2021-07-08_23-12-32 [http-nio-8400-exec-6] INFO  c.c.a.service.JwtUserDetailsService - User found
2021-07-08_23-12-32 [http-nio-8400-exec-6] INFO  c.c.a.service.JwtUserDetailsService - user successfully located
2021-07-08_23-12-32 [http-nio-8400-exec-7] INFO  c.c.a.service.JwtUserDetailsService - User found
2021-07-08_23-12-32 [http-nio-8400-exec-7] INFO  c.c.a.service.JwtUserDetailsService - user successfully located
2021-07-08_23-12-32 [http-nio-8400-exec-8] INFO  c.c.a.service.JwtUserDetailsService - User found
2021-07-08_23-12-32 [http-nio-8400-exec-8] INFO  c.c.a.service.JwtUserDetailsService - user successfully located
2021-07-08_23-12-32 [http-nio-8400-exec-9] INFO  c.c.a.service.JwtUserDetailsService - User found
2021-07-08_23-12-32 [http-nio-8400-exec-9] INFO  c.c.a.service.JwtUserDetailsService - user successfully located
2021-07-08_23-12-32 [http-nio-8400-exec-4] INFO  c.c.a.service.JwtUserDetailsService - User found
2021-07-08_23-12-32 [http-nio-8400-exec-4] INFO  c.c.a.service.JwtUserDetailsService - user successfully located
2021-07-08_23-12-32 [http-nio-8400-exec-3] INFO  c.c.a.service.JwtUserDetailsService - User found
2021-07-08_23-12-32 [http-nio-8400-exec-3] INFO  c.c.a.service.JwtUserDetailsService - user successfully located
2021-07-08_23-12-32 [http-nio-8400-exec-5] INFO  c.c.a.service.JwtUserDetailsService - User found
2021-07-08_23-12-32 [http-nio-8400-exec-5] INFO  c.c.a.service.JwtUserDetailsService - user successfully located
