2021-07-08_23-12-32 [Thread-1] INFO  o.s.s.c.ThreadPoolTaskExecutor - Shutting down ExecutorService 'applicationTaskExecutor'
2021-07-08_23-12-32 [Thread-1] INFO  o.s.o.j.LocalContainerEntityManagerFactoryBean - Closing JPA EntityManagerFactory for persistence unit 'default'
2021-07-08_23-12-32 [Thread-1] INFO  o.h.t.s.i.SchemaDropperImpl$DelayedDropActionImpl - HHH000477: Starting delayed evictData of schema as part of SessionFactory shut-down'
2021-07-08_23-12-32 [Thread-1] INFO  com.zaxxer.hikari.HikariDataSource - HikariPool-1 - Shutdown initiated...
2021-07-08_23-12-32 [Thread-1] INFO  com.zaxxer.hikari.HikariDataSource - HikariPool-1 - Shutdown completed.
2021-07-09_00-05-10 [restartedMain] INFO  c.c.a.AuthorizationMicroserviceApplication - Starting AuthorizationMicroserviceApplication using Java 16 on LAPTOP-BBS1GGQ7 with PID 18332 (C:\Users\Pallav\eclipse-workspace\Pension-Management-System-main\Authorization-Microservice\target\classes started by Pallav in C:\Users\Pallav\eclipse-workspace\Pension-Management-System-main\Authorization-Microservice)
2021-07-09_00-05-10 [restartedMain] INFO  c.c.a.AuthorizationMicroserviceApplication - No active profile set, falling back to default profiles: default
2021-07-09_00-05-10 [restartedMain] INFO  o.s.d.r.c.RepositoryConfigurationDelegate - Bootstrapping Spring Data JPA repositories in DEFAULT mode.
2021-07-09_00-05-10 [restartedMain] INFO  o.s.d.r.c.RepositoryConfigurationDelegate - Finished Spring Data repository scanning in 13 ms. Found 1 JPA repository interfaces.
2021-07-09_00-05-10 [restartedMain] INFO  o.s.cloud.context.scope.GenericScope - BeanFactory id=edddad8d-4f8b-3de1-9e23-4996f9518ee0
2021-07-09_00-05-10 [restartedMain] INFO  o.s.b.w.e.tomcat.TomcatWebServer - Tomcat initialized with port(s): 8400 (http)
2021-07-09_00-05-10 [restartedMain] INFO  o.a.coyote.http11.Http11NioProtocol - Initializing ProtocolHandler ["http-nio-8400"]
2021-07-09_00-05-10 [restartedMain] INFO  o.a.catalina.core.StandardService - Starting service [Tomcat]
2021-07-09_00-05-10 [restartedMain] INFO  o.a.catalina.core.StandardEngine - Starting Servlet engine: [Apache Tomcat/9.0.41]
2021-07-09_00-05-10 [restartedMain] INFO  o.a.c.c.C.[.[localhost].[/auth] - Initializing Spring embedded WebApplicationContext
2021-07-09_00-05-10 [restartedMain] INFO  o.s.b.w.s.c.ServletWebServerApplicationContext - Root WebApplicationContext: initialization completed in 731 ms
2021-07-09_00-05-10 [restartedMain] INFO  com.zaxxer.hikari.HikariDataSource - HikariPool-2 - Starting...
2021-07-09_00-05-10 [restartedMain] INFO  com.zaxxer.hikari.HikariDataSource - HikariPool-2 - Start completed.
2021-07-09_00-05-10 [restartedMain] INFO  o.s.b.a.h.H2ConsoleAutoConfiguration - H2 console available at '/db'. Database available at 'jdbc:h2:mem:testdb'
2021-07-09_00-05-10 [restartedMain] INFO  o.h.jpa.internal.util.LogHelper - HHH000204: Processing PersistenceUnitInfo [name: default]
2021-07-09_00-05-10 [restartedMain] INFO  org.hibernate.dialect.Dialect - HHH000400: Using dialect: org.hibernate.dialect.H2Dialect
2021-07-09_00-05-10 [restartedMain] INFO  o.h.e.t.j.p.i.JtaPlatformInitiator - HHH000490: Using JtaPlatform implementation: [org.hibernate.engine.transaction.jta.platform.internal.NoJtaPlatform]
2021-07-09_00-05-10 [restartedMain] INFO  o.s.o.j.LocalContainerEntityManagerFactoryBean - Initialized JPA EntityManagerFactory for persistence unit 'default'
2021-07-09_00-05-10 [restartedMain] INFO  o.s.b.a.e.web.EndpointLinksResolver - Exposing 2 endpoint(s) beneath base path '/actuator'
2021-07-09_00-05-10 [restartedMain] INFO  s.d.s.w.PropertySourcedRequestMappingHandlerMapping - Mapped URL path [/v2/api-docs] onto method [springfox.documentation.swagger2.web.Swagger2Controller#getDocumentation(String, HttpServletRequest)]
2021-07-09_00-05-10 [restartedMain] INFO  o.s.s.web.DefaultSecurityFilterChain - Will secure any request with [org.springframework.security.web.context.request.async.WebAsyncManagerIntegrationFilter@5140dbfc, org.springframework.security.web.context.SecurityContextPersistenceFilter@43289871, org.springframework.security.web.header.HeaderWriterFilter@604935fa, org.springframework.security.web.authentication.logout.LogoutFilter@19b3c7ec, com.cts.authorization.config.JwtRequestFilter@3b5fdca8, org.springframework.security.web.savedrequest.RequestCacheAwareFilter@3426d11a, org.springframework.security.web.servletapi.SecurityContextHolderAwareRequestFilter@1de9d481, org.springframework.security.web.authentication.AnonymousAuthenticationFilter@57b612c9, org.springframework.security.web.session.SessionManagementFilter@601c7527, org.springframework.security.web.access.ExceptionTranslationFilter@133c98a6, org.springframework.security.web.access.intercept.FilterSecurityInterceptor@3e43fc7d]
2021-07-09_00-05-10 [restartedMain] INFO  o.s.s.c.ThreadPoolTaskExecutor - Initializing ExecutorService 'applicationTaskExecutor'
2021-07-09_00-05-10 [restartedMain] INFO  o.a.coyote.http11.Http11NioProtocol - Starting ProtocolHandler ["http-nio-8400"]
2021-07-09_00-05-10 [restartedMain] INFO  o.s.b.w.e.tomcat.TomcatWebServer - Tomcat started on port(s): 8400 (http) with context path '/auth'
2021-07-09_00-05-10 [restartedMain] INFO  s.d.s.w.p.DocumentationPluginsBootstrapper - Context refreshed
2021-07-09_00-05-10 [restartedMain] INFO  s.d.s.w.p.DocumentationPluginsBootstrapper - Found 1 custom documentation plugin(s)
2021-07-09_00-05-10 [restartedMain] INFO  s.d.s.w.s.ApiListingReferenceScanner - Scanning for api listing references
2021-07-09_00-05-10 [restartedMain] INFO  s.d.s.w.r.o.CachingOperationNameGenerator - Generating unique operation named: handleUsingGET_1
2021-07-09_00-05-10 [restartedMain] INFO  s.d.s.w.r.o.CachingOperationNameGenerator - Generating unique operation named: handleUsingGET_2
2021-07-09_00-05-10 [restartedMain] INFO  c.c.a.AuthorizationMicroserviceApplication - Started AuthorizationMicroserviceApplication in 1.557 seconds (JVM running for 3160.807)
2021-07-09_00-05-10 [restartedMain] INFO  o.s.b.d.a.ConditionEvaluationDeltaLoggingListener - Condition evaluation unchanged
2021-07-09_00-05-10 [http-nio-8400-exec-1] INFO  o.a.c.c.C.[.[localhost].[/auth] - Initializing Spring DispatcherServlet 'dispatcherServlet'
2021-07-09_00-05-10 [http-nio-8400-exec-1] INFO  o.s.web.servlet.DispatcherServlet - Initializing Servlet 'dispatcherServlet'
2021-07-09_00-05-10 [http-nio-8400-exec-1] INFO  o.s.web.servlet.DispatcherServlet - Completed initialization in 1 ms
2021-07-09_00-05-10 [http-nio-8400-exec-2] INFO  c.c.a.service.JwtUserDetailsService - User found
2021-07-09_00-05-10 [http-nio-8400-exec-2] INFO  c.c.a.service.JwtUserDetailsService - user successfully located
2021-07-09_00-05-10 [http-nio-8400-exec-2] INFO  c.c.a.service.JwtUserDetailsService - User found
2021-07-09_00-05-10 [http-nio-8400-exec-2] INFO  c.c.a.service.JwtUserDetailsService - user successfully located
2021-07-09_00-05-10 [http-nio-8400-exec-3] INFO  c.c.a.service.JwtUserDetailsService - User found
2021-07-09_00-05-10 [http-nio-8400-exec-3] INFO  c.c.a.service.JwtUserDetailsService - user successfully located
2021-07-09_00-05-10 [http-nio-8400-exec-4] INFO  c.c.a.service.JwtUserDetailsService - User found
2021-07-09_00-05-10 [http-nio-8400-exec-4] INFO  c.c.a.service.JwtUserDetailsService - user successfully located
2021-07-09_00-05-10 [Thread-9] INFO  o.s.s.c.ThreadPoolTaskExecutor - Shutting down ExecutorService 'applicationTaskExecutor'
2021-07-09_00-05-10 [Thread-9] INFO  o.s.o.j.LocalContainerEntityManagerFactoryBean - Closing JPA EntityManagerFactory for persistence unit 'default'
2021-07-09_00-05-10 [Thread-9] INFO  o.h.t.s.i.SchemaDropperImpl$DelayedDropActionImpl - HHH000477: Starting delayed evictData of schema as part of SessionFactory shut-down'
2021-07-09_00-05-10 [Thread-9] INFO  com.zaxxer.hikari.HikariDataSource - HikariPool-2 - Shutdown initiated...
2021-07-09_00-05-10 [Thread-9] INFO  com.zaxxer.hikari.HikariDataSource - HikariPool-2 - Shutdown completed.
2021-07-09_00-06-38 [restartedMain] INFO  c.c.a.AuthorizationMicroserviceApplication - Starting AuthorizationMicroserviceApplication using Java 16 on LAPTOP-BBS1GGQ7 with PID 18332 (C:\Users\Pallav\eclipse-workspace\Pension-Management-System-main\Authorization-Microservice\target\classes started by Pallav in C:\Users\Pallav\eclipse-workspace\Pension-Management-System-main\Authorization-Microservice)
2021-07-09_00-06-38 [restartedMain] INFO  c.c.a.AuthorizationMicroserviceApplication - No active profile set, falling back to default profiles: default
2021-07-09_00-06-38 [restartedMain] INFO  o.s.d.r.c.RepositoryConfigurationDelegate - Bootstrapping Spring Data JPA repositories in DEFAULT mode.
2021-07-09_00-06-38 [restartedMain] INFO  o.s.d.r.c.RepositoryConfigurationDelegate - Finished Spring Data repository scanning in 13 ms. Found 1 JPA repository interfaces.
2021-07-09_00-06-38 [restartedMain] INFO  o.s.cloud.context.scope.GenericScope - BeanFactory id=edddad8d-4f8b-3de1-9e23-4996f9518ee0
2021-07-09_00-06-38 [restartedMain] INFO  o.s.b.w.e.tomcat.TomcatWebServer - Tomcat initialized with port(s): 8400 (http)
2021-07-09_00-06-38 [restartedMain] INFO  o.a.coyote.http11.Http11NioProtocol - Initializing ProtocolHandler ["http-nio-8400"]
2021-07-09_00-06-38 [restartedMain] INFO  o.a.catalina.core.StandardService - Starting service [Tomcat]
2021-07-09_00-06-38 [restartedMain] INFO  o.a.catalina.core.StandardEngine - Starting Servlet engine: [Apache Tomcat/9.0.41]
2021-07-09_00-06-38 [restartedMain] INFO  o.a.c.c.C.[.[localhost].[/auth] - Initializing Spring embedded WebApplicationContext
2021-07-09_00-06-38 [restartedMain] INFO  o.s.b.w.s.c.ServletWebServerApplicationContext - Root WebApplicationContext: initialization completed in 601 ms
2021-07-09_00-06-38 [restartedMain] INFO  com.zaxxer.hikari.HikariDataSource - HikariPool-3 - Starting...
2021-07-09_00-06-38 [restartedMain] INFO  com.zaxxer.hikari.HikariDataSource - HikariPool-3 - Start completed.
2021-07-09_00-06-38 [restartedMain] INFO  o.s.b.a.h.H2ConsoleAutoConfiguration - H2 console available at '/db'. Database available at 'jdbc:h2:mem:testdb'
2021-07-09_00-06-38 [restartedMain] INFO  o.h.jpa.internal.util.LogHelper - HHH000204: Processing PersistenceUnitInfo [name: default]
2021-07-09_00-06-38 [restartedMain] INFO  org.hibernate.dialect.Dialect - HHH000400: Using dialect: org.hibernate.dialect.H2Dialect
2021-07-09_00-06-38 [restartedMain] INFO  o.h.e.t.j.p.i.JtaPlatformInitiator - HHH000490: Using JtaPlatform implementation: [org.hibernate.engine.transaction.jta.platform.internal.NoJtaPlatform]
2021-07-09_00-06-38 [restartedMain] INFO  o.s.o.j.LocalContainerEntityManagerFactoryBean - Initialized JPA EntityManagerFactory for persistence unit 'default'
2021-07-09_00-06-38 [restartedMain] INFO  o.s.b.a.e.web.EndpointLinksResolver - Exposing 2 endpoint(s) beneath base path '/actuator'
2021-07-09_00-06-38 [restartedMain] INFO  s.d.s.w.PropertySourcedRequestMappingHandlerMapping - Mapped URL path [/v2/api-docs] onto method [springfox.documentation.swagger2.web.Swagger2Controller#getDocumentation(String, HttpServletRequest)]
2021-07-09_00-06-38 [restartedMain] INFO  o.s.s.web.DefaultSecurityFilterChain - Will secure any request with [org.springframework.security.web.context.request.async.WebAsyncManagerIntegrationFilter@6f00144e, org.springframework.security.web.context.SecurityContextPersistenceFilter@75b5419a, org.springframework.security.web.header.HeaderWriterFilter@45a064e6, org.springframework.security.web.authentication.logout.LogoutFilter@47879f78, com.cts.authorization.config.JwtRequestFilter@43f288b4, org.springframework.security.web.savedrequest.RequestCacheAwareFilter@19427a9d, org.springframework.security.web.servletapi.SecurityContextHolderAwareRequestFilter@5f03aa07, org.springframework.security.web.authentication.AnonymousAuthenticationFilter@7dfae5a2, org.springframework.security.web.session.SessionManagementFilter@64247038, org.springframework.security.web.access.ExceptionTranslationFilter@362b561f, org.springframework.security.web.access.intercept.FilterSecurityInterceptor@5dcc7d74]
2021-07-09_00-06-38 [restartedMain] INFO  o.s.s.c.ThreadPoolTaskExecutor - Initializing ExecutorService 'applicationTaskExecutor'
2021-07-09_00-06-38 [restartedMain] INFO  o.a.coyote.http11.Http11NioProtocol - Starting ProtocolHandler ["http-nio-8400"]
2021-07-09_00-06-38 [restartedMain] INFO  o.s.b.w.e.tomcat.TomcatWebServer - Tomcat started on port(s): 8400 (http) with context path '/auth'
2021-07-09_00-06-38 [restartedMain] INFO  s.d.s.w.p.DocumentationPluginsBootstrapper - Context refreshed
2021-07-09_00-06-38 [restartedMain] INFO  s.d.s.w.p.DocumentationPluginsBootstrapper - Found 1 custom documentation plugin(s)
2021-07-09_00-06-38 [restartedMain] INFO  s.d.s.w.s.ApiListingReferenceScanner - Scanning for api listing references
2021-07-09_00-06-38 [restartedMain] INFO  s.d.s.w.r.o.CachingOperationNameGenerator - Generating unique operation named: handleUsingGET_1
2021-07-09_00-06-38 [restartedMain] INFO  s.d.s.w.r.o.CachingOperationNameGenerator - Generating unique operation named: handleUsingGET_2
2021-07-09_00-06-38 [restartedMain] INFO  c.c.a.AuthorizationMicroserviceApplication - Started AuthorizationMicroserviceApplication in 1.311 seconds (JVM running for 3248.364)
2021-07-09_00-06-38 [restartedMain] INFO  o.s.b.d.a.ConditionEvaluationDeltaLoggingListener - Condition evaluation unchanged
2021-07-09_00-06-38 [http-nio-8400-exec-1] INFO  o.a.c.c.C.[.[localhost].[/auth] - Initializing Spring DispatcherServlet 'dispatcherServlet'
2021-07-09_00-06-38 [http-nio-8400-exec-1] INFO  o.s.web.servlet.DispatcherServlet - Initializing Servlet 'dispatcherServlet'
2021-07-09_00-06-38 [http-nio-8400-exec-1] INFO  o.s.web.servlet.DispatcherServlet - Completed initialization in 3 ms
2021-07-09_00-06-38 [http-nio-8400-exec-1] INFO  c.c.a.service.JwtUserDetailsService - User found
2021-07-09_00-06-38 [http-nio-8400-exec-1] INFO  c.c.a.service.JwtUserDetailsService - user successfully located
2021-07-09_00-06-38 [http-nio-8400-exec-1] INFO  c.c.a.service.JwtUserDetailsService - User found
2021-07-09_00-06-38 [http-nio-8400-exec-1] INFO  c.c.a.service.JwtUserDetailsService - user successfully located
2021-07-09_00-06-38 [http-nio-8400-exec-2] INFO  c.c.a.service.JwtUserDetailsService - User found
2021-07-09_00-06-38 [http-nio-8400-exec-2] INFO  c.c.a.service.JwtUserDetailsService - user successfully located
2021-07-09_00-06-38 [http-nio-8400-exec-3] INFO  c.c.a.service.JwtUserDetailsService - User found
2021-07-09_00-06-38 [http-nio-8400-exec-3] INFO  c.c.a.service.JwtUserDetailsService - user successfully located
2021-07-09_00-06-38 [http-nio-8400-exec-6] INFO  c.c.a.service.JwtUserDetailsService - User found
2021-07-09_00-06-38 [http-nio-8400-exec-6] INFO  c.c.a.service.JwtUserDetailsService - user successfully located
2021-07-09_00-06-38 [http-nio-8400-exec-6] INFO  c.c.a.service.JwtUserDetailsService - User found
2021-07-09_00-06-38 [http-nio-8400-exec-6] INFO  c.c.a.service.JwtUserDetailsService - user successfully located
2021-07-09_00-06-38 [http-nio-8400-exec-7] INFO  c.c.a.service.JwtUserDetailsService - User found
2021-07-09_00-06-38 [http-nio-8400-exec-7] INFO  c.c.a.service.JwtUserDetailsService - user successfully located
2021-07-09_18-17-21 [restartedMain] INFO  c.c.a.AuthorizationMicroserviceApplication - Starting AuthorizationMicroserviceApplication using Java 16 on LAPTOP-BBS1GGQ7 with PID 9724 (C:\Users\Pallav\eclipse-workspace\Pension-Management-System-main\Authorization-Microservice\target\classes started by Pallav in C:\Users\Pallav\eclipse-workspace\Pension-Management-System-main\Authorization-Microservice)
2021-07-09_18-17-21 [restartedMain] INFO  c.c.a.AuthorizationMicroserviceApplication - No active profile set, falling back to default profiles: default
2021-07-09_18-17-21 [restartedMain] INFO  o.s.b.d.e.DevToolsPropertyDefaultsPostProcessor - Devtools property defaults active! Set 'spring.devtools.add-properties' to 'false' to disable
2021-07-09_18-17-21 [restartedMain] INFO  o.s.b.d.e.DevToolsPropertyDefaultsPostProcessor - For additional web related logging consider setting the 'logging.level.web' property to 'DEBUG'
2021-07-09_18-17-21 [restartedMain] INFO  o.s.d.r.c.RepositoryConfigurationDelegate - Bootstrapping Spring Data JPA repositories in DEFAULT mode.
2021-07-09_18-17-21 [restartedMain] INFO  o.s.d.r.c.RepositoryConfigurationDelegate - Finished Spring Data repository scanning in 71 ms. Found 1 JPA repository interfaces.
2021-07-09_18-17-21 [restartedMain] INFO  o.s.cloud.context.scope.GenericScope - BeanFactory id=edddad8d-4f8b-3de1-9e23-4996f9518ee0
2021-07-09_18-17-21 [restartedMain] INFO  o.s.b.w.e.tomcat.TomcatWebServer - Tomcat initialized with port(s): 8400 (http)
2021-07-09_18-17-21 [restartedMain] INFO  o.a.coyote.http11.Http11NioProtocol - Initializing ProtocolHandler ["http-nio-8400"]
2021-07-09_18-17-21 [restartedMain] INFO  o.a.catalina.core.StandardService - Starting service [Tomcat]
2021-07-09_18-17-21 [restartedMain] INFO  o.a.catalina.core.StandardEngine - Starting Servlet engine: [Apache Tomcat/9.0.41]
2021-07-09_18-17-21 [restartedMain] INFO  o.a.c.c.C.[.[localhost].[/auth] - Initializing Spring embedded WebApplicationContext
2021-07-09_18-17-21 [restartedMain] INFO  o.s.b.w.s.c.ServletWebServerApplicationContext - Root WebApplicationContext: initialization completed in 2916 ms
2021-07-09_18-17-21 [restartedMain] INFO  com.zaxxer.hikari.HikariDataSource - HikariPool-1 - Starting...
2021-07-09_18-17-21 [restartedMain] INFO  com.zaxxer.hikari.HikariDataSource - HikariPool-1 - Start completed.
2021-07-09_18-17-21 [restartedMain] INFO  o.s.b.a.h.H2ConsoleAutoConfiguration - H2 console available at '/db'. Database available at 'jdbc:h2:mem:testdb'
2021-07-09_18-17-21 [restartedMain] INFO  o.h.jpa.internal.util.LogHelper - HHH000204: Processing PersistenceUnitInfo [name: default]
2021-07-09_18-17-21 [restartedMain] INFO  org.hibernate.Version - HHH000412: Hibernate ORM core version 5.4.27.Final
2021-07-09_18-17-21 [restartedMain] INFO  o.h.annotations.common.Version - HCANN000001: Hibernate Commons Annotations {5.1.2.Final}
2021-07-09_18-17-21 [restartedMain] INFO  org.hibernate.dialect.Dialect - HHH000400: Using dialect: org.hibernate.dialect.H2Dialect
2021-07-09_18-17-21 [restartedMain] INFO  o.h.e.t.j.p.i.JtaPlatformInitiator - HHH000490: Using JtaPlatform implementation: [org.hibernate.engine.transaction.jta.platform.internal.NoJtaPlatform]
2021-07-09_18-17-21 [restartedMain] INFO  o.s.o.j.LocalContainerEntityManagerFactoryBean - Initialized JPA EntityManagerFactory for persistence unit 'default'
2021-07-09_18-17-21 [restartedMain] INFO  o.s.b.d.a.OptionalLiveReloadServer - LiveReload server is running on port 35729
2021-07-09_18-17-21 [restartedMain] INFO  o.s.b.a.e.web.EndpointLinksResolver - Exposing 2 endpoint(s) beneath base path '/actuator'
2021-07-09_18-17-21 [restartedMain] INFO  s.d.s.w.PropertySourcedRequestMappingHandlerMapping - Mapped URL path [/v2/api-docs] onto method [springfox.documentation.swagger2.web.Swagger2Controller#getDocumentation(String, HttpServletRequest)]
2021-07-09_18-17-21 [restartedMain] INFO  o.s.s.web.DefaultSecurityFilterChain - Will secure any request with [org.springframework.security.web.context.request.async.WebAsyncManagerIntegrationFilter@36a7c47, org.springframework.security.web.context.SecurityContextPersistenceFilter@3a2b9f9e, org.springframework.security.web.header.HeaderWriterFilter@5c089b75, org.springframework.security.web.authentication.logout.LogoutFilter@24abbac6, com.cts.authorization.config.JwtRequestFilter@1193ef4, org.springframework.security.web.savedrequest.RequestCacheAwareFilter@3f4192be, org.springframework.security.web.servletapi.SecurityContextHolderAwareRequestFilter@152ad7, org.springframework.security.web.authentication.AnonymousAuthenticationFilter@63c2ea60, org.springframework.security.web.session.SessionManagementFilter@3ca9c9c8, org.springframework.security.web.access.ExceptionTranslationFilter@1654d441, org.springframework.security.web.access.intercept.FilterSecurityInterceptor@32129af8]
2021-07-09_18-17-21 [restartedMain] INFO  o.s.s.c.ThreadPoolTaskExecutor - Initializing ExecutorService 'applicationTaskExecutor'
2021-07-09_18-17-21 [restartedMain] INFO  o.a.coyote.http11.Http11NioProtocol - Starting ProtocolHandler ["http-nio-8400"]
2021-07-09_18-17-21 [restartedMain] INFO  o.s.b.w.e.tomcat.TomcatWebServer - Tomcat started on port(s): 8400 (http) with context path '/auth'
2021-07-09_18-17-21 [restartedMain] INFO  s.d.s.w.p.DocumentationPluginsBootstrapper - Context refreshed
2021-07-09_18-17-21 [restartedMain] INFO  s.d.s.w.p.DocumentationPluginsBootstrapper - Found 1 custom documentation plugin(s)
2021-07-09_18-17-21 [restartedMain] INFO  s.d.s.w.s.ApiListingReferenceScanner - Scanning for api listing references
2021-07-09_18-17-21 [restartedMain] INFO  s.d.s.w.r.o.CachingOperationNameGenerator - Generating unique operation named: handleUsingGET_1
2021-07-09_18-17-21 [restartedMain] INFO  s.d.s.w.r.o.CachingOperationNameGenerator - Generating unique operation named: handleUsingGET_2
2021-07-09_18-17-21 [restartedMain] INFO  c.c.a.AuthorizationMicroserviceApplication - Started AuthorizationMicroserviceApplication in 7.775 seconds (JVM running for 8.581)
2021-07-09_18-17-21 [http-nio-8400-exec-1] INFO  o.a.c.c.C.[.[localhost].[/auth] - Initializing Spring DispatcherServlet 'dispatcherServlet'
2021-07-09_18-17-21 [http-nio-8400-exec-1] INFO  o.s.web.servlet.DispatcherServlet - Initializing Servlet 'dispatcherServlet'
2021-07-09_18-17-21 [http-nio-8400-exec-1] INFO  o.s.web.servlet.DispatcherServlet - Completed initialization in 3 ms
2021-07-09_18-17-21 [http-nio-8400-exec-1] INFO  c.c.a.service.JwtUserDetailsService - User found
2021-07-09_18-17-21 [http-nio-8400-exec-1] INFO  c.c.a.service.JwtUserDetailsService - user successfully located
2021-07-09_18-17-21 [http-nio-8400-exec-1] INFO  c.c.a.service.JwtUserDetailsService - User found
2021-07-09_18-17-21 [http-nio-8400-exec-1] INFO  c.c.a.service.JwtUserDetailsService - user successfully located
2021-07-09_18-17-21 [http-nio-8400-exec-2] INFO  c.c.a.service.JwtUserDetailsService - User found
2021-07-09_18-17-21 [http-nio-8400-exec-2] INFO  c.c.a.service.JwtUserDetailsService - user successfully located
2021-07-09_18-17-21 [http-nio-8400-exec-3] INFO  c.c.a.service.JwtUserDetailsService - User found
2021-07-09_18-17-21 [http-nio-8400-exec-3] INFO  c.c.a.service.JwtUserDetailsService - user successfully located
2021-07-09_18-17-21 [http-nio-8400-exec-4] INFO  c.c.a.service.JwtUserDetailsService - User found
2021-07-09_18-17-21 [http-nio-8400-exec-4] INFO  c.c.a.service.JwtUserDetailsService - user successfully located
2021-07-09_18-17-21 [http-nio-8400-exec-5] INFO  c.c.a.service.JwtUserDetailsService - User found
2021-07-09_18-17-21 [http-nio-8400-exec-5] INFO  c.c.a.service.JwtUserDetailsService - user successfully located
2021-07-09_18-17-21 [http-nio-8400-exec-6] INFO  c.c.a.service.JwtUserDetailsService - User found
2021-07-09_18-17-21 [http-nio-8400-exec-6] INFO  c.c.a.service.JwtUserDetailsService - user successfully located
2021-07-09_18-17-21 [http-nio-8400-exec-7] INFO  c.c.a.service.JwtUserDetailsService - User found
2021-07-09_18-17-21 [http-nio-8400-exec-7] INFO  c.c.a.service.JwtUserDetailsService - user successfully located
2021-07-09_18-17-21 [http-nio-8400-exec-8] INFO  c.c.a.service.JwtUserDetailsService - User found
2021-07-09_18-17-21 [http-nio-8400-exec-8] INFO  c.c.a.service.JwtUserDetailsService - user successfully located
2021-07-09_18-17-21 [http-nio-8400-exec-10] INFO  c.c.a.service.JwtUserDetailsService - User found
2021-07-09_18-17-21 [http-nio-8400-exec-10] INFO  c.c.a.service.JwtUserDetailsService - user successfully located
2021-07-09_18-17-21 [http-nio-8400-exec-1] INFO  c.c.a.service.JwtUserDetailsService - User found
2021-07-09_18-17-21 [http-nio-8400-exec-1] INFO  c.c.a.service.JwtUserDetailsService - user successfully located
2021-07-09_18-17-21 [http-nio-8400-exec-2] INFO  c.c.a.service.JwtUserDetailsService - User found
2021-07-09_18-17-21 [http-nio-8400-exec-2] INFO  c.c.a.service.JwtUserDetailsService - user successfully located
2021-07-09_18-17-21 [http-nio-8400-exec-3] INFO  c.c.a.service.JwtUserDetailsService - User found
2021-07-09_18-17-21 [http-nio-8400-exec-3] INFO  c.c.a.service.JwtUserDetailsService - user successfully located
2021-07-09_18-17-21 [http-nio-8400-exec-4] INFO  c.c.a.service.JwtUserDetailsService - User found
2021-07-09_18-17-21 [http-nio-8400-exec-4] INFO  c.c.a.service.JwtUserDetailsService - user successfully located
2021-07-09_18-17-21 [http-nio-8400-exec-5] INFO  c.c.a.service.JwtUserDetailsService - User found
2021-07-09_18-17-21 [http-nio-8400-exec-5] INFO  c.c.a.service.JwtUserDetailsService - user successfully located
2021-07-09_18-17-21 [http-nio-8400-exec-6] INFO  c.c.a.service.JwtUserDetailsService - User found
2021-07-09_18-17-21 [http-nio-8400-exec-6] INFO  c.c.a.service.JwtUserDetailsService - user successfully located
2021-07-09_18-17-21 [http-nio-8400-exec-7] INFO  c.c.a.service.JwtUserDetailsService - User found
2021-07-09_18-17-21 [http-nio-8400-exec-7] INFO  c.c.a.service.JwtUserDetailsService - user successfully located
2021-07-09_18-17-21 [http-nio-8400-exec-8] INFO  c.c.a.service.JwtUserDetailsService - User found
2021-07-09_18-17-21 [http-nio-8400-exec-8] INFO  c.c.a.service.JwtUserDetailsService - user successfully located
2021-07-09_18-17-21 [http-nio-8400-exec-9] INFO  c.c.a.service.JwtUserDetailsService - User found
2021-07-09_18-17-21 [http-nio-8400-exec-9] INFO  c.c.a.service.JwtUserDetailsService - user successfully located
