2021-07-15_14-05-43 [restartedMain] INFO  c.c.a.AuthorizationMicroserviceApplication - Starting AuthorizationMicroserviceApplication using Java 15.0.2 on LAPTOP-0AALEG97 with PID 19624 (C:\Users\DEEPANSHU\Desktop\Pension-Management-System-main\Authorization-Microservice\target\classes started by DEEPANSHU in C:\Users\DEEPANSHU\Desktop\Pension-Management-System-main\Authorization-Microservice)
2021-07-15_14-05-43 [restartedMain] INFO  c.c.a.AuthorizationMicroserviceApplication - No active profile set, falling back to default profiles: default
2021-07-15_14-05-43 [restartedMain] INFO  o.s.b.d.e.DevToolsPropertyDefaultsPostProcessor - Devtools property defaults active! Set 'spring.devtools.add-properties' to 'false' to disable
2021-07-15_14-05-43 [restartedMain] INFO  o.s.b.d.e.DevToolsPropertyDefaultsPostProcessor - For additional web related logging consider setting the 'logging.level.web' property to 'DEBUG'
2021-07-15_14-05-43 [restartedMain] INFO  o.s.d.r.c.RepositoryConfigurationDelegate - Bootstrapping Spring Data JPA repositories in DEFAULT mode.
2021-07-15_14-05-43 [restartedMain] INFO  o.s.d.r.c.RepositoryConfigurationDelegate - Finished Spring Data repository scanning in 60 ms. Found 1 JPA repository interfaces.
2021-07-15_14-05-43 [restartedMain] INFO  o.s.cloud.context.scope.GenericScope - BeanFactory id=edddad8d-4f8b-3de1-9e23-4996f9518ee0
2021-07-15_14-05-43 [restartedMain] INFO  o.s.b.w.e.tomcat.TomcatWebServer - Tomcat initialized with port(s): 8400 (http)
2021-07-15_14-05-43 [restartedMain] INFO  o.a.coyote.http11.Http11NioProtocol - Initializing ProtocolHandler ["http-nio-8400"]
2021-07-15_14-05-43 [restartedMain] INFO  o.a.catalina.core.StandardService - Starting service [Tomcat]
2021-07-15_14-05-43 [restartedMain] INFO  o.a.catalina.core.StandardEngine - Starting Servlet engine: [Apache Tomcat/9.0.41]
2021-07-15_14-05-43 [restartedMain] INFO  o.a.c.c.C.[.[localhost].[/auth] - Initializing Spring embedded WebApplicationContext
2021-07-15_14-05-43 [restartedMain] INFO  o.s.b.w.s.c.ServletWebServerApplicationContext - Root WebApplicationContext: initialization completed in 3212 ms
2021-07-15_14-05-43 [restartedMain] INFO  com.zaxxer.hikari.HikariDataSource - HikariPool-1 - Starting...
2021-07-15_14-05-43 [restartedMain] INFO  com.zaxxer.hikari.HikariDataSource - HikariPool-1 - Start completed.
2021-07-15_14-05-43 [restartedMain] INFO  o.s.b.a.h.H2ConsoleAutoConfiguration - H2 console available at '/db'. Database available at 'jdbc:h2:mem:testdb'
2021-07-15_14-05-43 [restartedMain] INFO  o.h.jpa.internal.util.LogHelper - HHH000204: Processing PersistenceUnitInfo [name: default]
2021-07-15_14-05-43 [restartedMain] INFO  org.hibernate.Version - HHH000412: Hibernate ORM core version 5.4.27.Final
2021-07-15_14-05-43 [restartedMain] INFO  o.h.annotations.common.Version - HCANN000001: Hibernate Commons Annotations {5.1.2.Final}
2021-07-15_14-05-43 [restartedMain] INFO  org.hibernate.dialect.Dialect - HHH000400: Using dialect: org.hibernate.dialect.H2Dialect
2021-07-15_14-05-43 [restartedMain] INFO  o.h.e.t.j.p.i.JtaPlatformInitiator - HHH000490: Using JtaPlatform implementation: [org.hibernate.engine.transaction.jta.platform.internal.NoJtaPlatform]
2021-07-15_14-05-43 [restartedMain] INFO  o.s.o.j.LocalContainerEntityManagerFactoryBean - Initialized JPA EntityManagerFactory for persistence unit 'default'
2021-07-15_14-05-43 [restartedMain] INFO  o.s.b.d.a.OptionalLiveReloadServer - LiveReload server is running on port 35729
2021-07-15_14-05-43 [restartedMain] INFO  o.s.b.a.e.web.EndpointLinksResolver - Exposing 2 endpoint(s) beneath base path '/actuator'
2021-07-15_14-05-43 [restartedMain] INFO  s.d.s.w.PropertySourcedRequestMappingHandlerMapping - Mapped URL path [/v2/api-docs] onto method [springfox.documentation.swagger2.web.Swagger2Controller#getDocumentation(String, HttpServletRequest)]
2021-07-15_14-05-43 [restartedMain] INFO  o.s.s.web.DefaultSecurityFilterChain - Will secure any request with [org.springframework.security.web.context.request.async.WebAsyncManagerIntegrationFilter@307f4e85, org.springframework.security.web.context.SecurityContextPersistenceFilter@1ddb3cdc, org.springframework.security.web.header.HeaderWriterFilter@1f419a59, org.springframework.security.web.authentication.logout.LogoutFilter@701373d5, com.cts.authorization.config.JwtRequestFilter@55c53ca9, org.springframework.security.web.savedrequest.RequestCacheAwareFilter@3665b3eb, org.springframework.security.web.servletapi.SecurityContextHolderAwareRequestFilter@1a42d4f6, org.springframework.security.web.authentication.AnonymousAuthenticationFilter@16473b52, org.springframework.security.web.session.SessionManagementFilter@7b68ba21, org.springframework.security.web.access.ExceptionTranslationFilter@3a9e6d08, org.springframework.security.web.access.intercept.FilterSecurityInterceptor@2da57a85]
2021-07-15_14-05-43 [restartedMain] INFO  o.s.s.c.ThreadPoolTaskExecutor - Initializing ExecutorService 'applicationTaskExecutor'
2021-07-15_14-05-43 [restartedMain] INFO  o.a.coyote.http11.Http11NioProtocol - Starting ProtocolHandler ["http-nio-8400"]
2021-07-15_14-05-43 [restartedMain] INFO  o.s.b.w.e.tomcat.TomcatWebServer - Tomcat started on port(s): 8400 (http) with context path '/auth'
2021-07-15_14-05-43 [restartedMain] INFO  s.d.s.w.p.DocumentationPluginsBootstrapper - Context refreshed
2021-07-15_14-05-43 [restartedMain] INFO  s.d.s.w.p.DocumentationPluginsBootstrapper - Found 1 custom documentation plugin(s)
2021-07-15_14-05-43 [restartedMain] INFO  s.d.s.w.s.ApiListingReferenceScanner - Scanning for api listing references
2021-07-15_14-05-43 [restartedMain] INFO  s.d.s.w.r.o.CachingOperationNameGenerator - Generating unique operation named: handleUsingGET_1
2021-07-15_14-05-43 [restartedMain] INFO  s.d.s.w.r.o.CachingOperationNameGenerator - Generating unique operation named: handleUsingGET_2
2021-07-15_14-05-43 [restartedMain] INFO  c.c.a.AuthorizationMicroserviceApplication - Started AuthorizationMicroserviceApplication in 8.614 seconds (JVM running for 9.509)
2021-07-15_14-05-43 [http-nio-8400-exec-1] INFO  o.a.c.c.C.[.[localhost].[/auth] - Initializing Spring DispatcherServlet 'dispatcherServlet'
2021-07-15_14-05-43 [http-nio-8400-exec-1] INFO  o.s.web.servlet.DispatcherServlet - Initializing Servlet 'dispatcherServlet'
2021-07-15_14-05-43 [http-nio-8400-exec-1] INFO  o.s.web.servlet.DispatcherServlet - Completed initialization in 3 ms
2021-07-15_14-05-43 [http-nio-8400-exec-1] INFO  c.c.a.service.JwtUserDetailsService - User found
2021-07-15_14-05-43 [http-nio-8400-exec-1] INFO  c.c.a.service.JwtUserDetailsService - user successfully located
2021-07-15_14-05-43 [http-nio-8400-exec-1] INFO  c.c.a.service.JwtUserDetailsService - User found
2021-07-15_14-05-43 [http-nio-8400-exec-1] INFO  c.c.a.service.JwtUserDetailsService - user successfully located
2021-07-15_14-05-43 [http-nio-8400-exec-2] INFO  c.c.a.service.JwtUserDetailsService - User found
2021-07-15_14-05-43 [http-nio-8400-exec-2] INFO  c.c.a.service.JwtUserDetailsService - user successfully located
2021-07-15_14-05-43 [http-nio-8400-exec-3] INFO  c.c.a.service.JwtUserDetailsService - User found
2021-07-15_14-05-43 [http-nio-8400-exec-3] INFO  c.c.a.service.JwtUserDetailsService - user successfully located
2021-07-15_14-05-43 [http-nio-8400-exec-4] INFO  c.c.a.service.JwtUserDetailsService - User found
2021-07-15_14-05-43 [http-nio-8400-exec-4] INFO  c.c.a.service.JwtUserDetailsService - user successfully located
2021-07-15_14-05-43 [http-nio-8400-exec-5] INFO  c.c.a.service.JwtUserDetailsService - User found
2021-07-15_14-05-43 [http-nio-8400-exec-5] INFO  c.c.a.service.JwtUserDetailsService - user successfully located
2021-07-15_14-05-43 [http-nio-8400-exec-6] INFO  c.c.a.service.JwtUserDetailsService - User found
2021-07-15_14-05-43 [http-nio-8400-exec-6] INFO  c.c.a.service.JwtUserDetailsService - user successfully located
2021-07-15_14-05-43 [http-nio-8400-exec-7] INFO  c.c.a.service.JwtUserDetailsService - User found
2021-07-15_14-05-43 [http-nio-8400-exec-7] INFO  c.c.a.service.JwtUserDetailsService - user successfully located
2021-07-15_14-05-43 [http-nio-8400-exec-8] INFO  c.c.a.service.JwtUserDetailsService - User found
2021-07-15_14-05-43 [http-nio-8400-exec-8] INFO  c.c.a.service.JwtUserDetailsService - user successfully located
2021-07-15_14-05-43 [http-nio-8400-exec-9] INFO  c.c.a.service.JwtUserDetailsService - User found
2021-07-15_14-05-43 [http-nio-8400-exec-9] INFO  c.c.a.service.JwtUserDetailsService - user successfully located
2021-07-15_14-05-43 [http-nio-8400-exec-4] INFO  c.c.a.service.JwtUserDetailsService - User found
2021-07-15_14-05-43 [http-nio-8400-exec-4] INFO  c.c.a.service.JwtUserDetailsService - user successfully located
2021-07-15_14-05-43 [http-nio-8400-exec-4] INFO  c.c.a.service.JwtUserDetailsService - User found
2021-07-15_14-05-43 [http-nio-8400-exec-4] INFO  c.c.a.service.JwtUserDetailsService - user successfully located
2021-07-15_14-05-43 [http-nio-8400-exec-5] INFO  c.c.a.service.JwtUserDetailsService - User found
2021-07-15_14-05-43 [http-nio-8400-exec-5] INFO  c.c.a.service.JwtUserDetailsService - user successfully located
2021-07-15_14-05-43 [http-nio-8400-exec-8] INFO  c.c.a.service.JwtUserDetailsService - User found
2021-07-15_14-05-43 [http-nio-8400-exec-8] INFO  c.c.a.service.JwtUserDetailsService - user successfully located
2021-07-15_14-05-43 [http-nio-8400-exec-8] INFO  c.c.a.service.JwtUserDetailsService - User found
2021-07-15_14-05-43 [http-nio-8400-exec-8] INFO  c.c.a.service.JwtUserDetailsService - user successfully located
2021-07-15_14-05-43 [http-nio-8400-exec-9] INFO  c.c.a.service.JwtUserDetailsService - User found
2021-07-15_14-05-43 [http-nio-8400-exec-9] INFO  c.c.a.service.JwtUserDetailsService - user successfully located
2021-07-15_14-05-43 [http-nio-8400-exec-10] INFO  c.c.a.service.JwtUserDetailsService - User found
2021-07-15_14-05-43 [http-nio-8400-exec-10] INFO  c.c.a.service.JwtUserDetailsService - user successfully located
2021-07-15_14-05-43 [http-nio-8400-exec-1] INFO  c.c.a.service.JwtUserDetailsService - User found
2021-07-15_14-05-43 [http-nio-8400-exec-1] INFO  c.c.a.service.JwtUserDetailsService - user successfully located
2021-07-15_14-05-43 [http-nio-8400-exec-2] INFO  c.c.a.service.JwtUserDetailsService - User found
2021-07-15_14-05-43 [http-nio-8400-exec-2] INFO  c.c.a.service.JwtUserDetailsService - user successfully located
2021-07-15_14-05-43 [http-nio-8400-exec-4] INFO  c.c.a.service.JwtUserDetailsService - User found
2021-07-15_14-05-43 [http-nio-8400-exec-4] INFO  c.c.a.service.JwtUserDetailsService - user successfully located
2021-07-15_14-05-43 [http-nio-8400-exec-5] INFO  c.c.a.service.JwtUserDetailsService - User found
2021-07-15_14-05-43 [http-nio-8400-exec-5] INFO  c.c.a.service.JwtUserDetailsService - user successfully located
2021-07-15_14-05-43 [http-nio-8400-exec-6] INFO  c.c.a.service.JwtUserDetailsService - User found
2021-07-15_14-05-43 [http-nio-8400-exec-6] INFO  c.c.a.service.JwtUserDetailsService - user successfully located
2021-07-15_14-05-43 [http-nio-8400-exec-9] INFO  c.c.a.service.JwtUserDetailsService - User found
2021-07-15_14-05-43 [http-nio-8400-exec-9] INFO  c.c.a.service.JwtUserDetailsService - user successfully located
2021-07-15_14-05-43 [http-nio-8400-exec-10] INFO  c.c.a.service.JwtUserDetailsService - User found
2021-07-15_14-05-43 [http-nio-8400-exec-10] INFO  c.c.a.service.JwtUserDetailsService - user successfully located
2021-07-15_14-05-43 [http-nio-8400-exec-1] INFO  c.c.a.service.JwtUserDetailsService - User found
2021-07-15_14-05-43 [http-nio-8400-exec-1] INFO  c.c.a.service.JwtUserDetailsService - user successfully located
2021-07-15_14-05-43 [http-nio-8400-exec-3] INFO  c.c.a.service.JwtUserDetailsService - User found
2021-07-15_14-05-43 [http-nio-8400-exec-3] INFO  c.c.a.service.JwtUserDetailsService - user successfully located
2021-07-15_14-05-43 [http-nio-8400-exec-2] INFO  c.c.a.service.JwtUserDetailsService - User found
2021-07-15_14-05-43 [http-nio-8400-exec-2] INFO  c.c.a.service.JwtUserDetailsService - user successfully located
2021-07-15_14-05-43 [http-nio-8400-exec-4] INFO  c.c.a.service.JwtUserDetailsService - User found
2021-07-15_14-05-43 [http-nio-8400-exec-4] INFO  c.c.a.service.JwtUserDetailsService - user successfully located
2021-07-15_14-05-43 [http-nio-8400-exec-5] INFO  c.c.a.service.JwtUserDetailsService - User found
2021-07-15_14-05-43 [http-nio-8400-exec-5] INFO  c.c.a.service.JwtUserDetailsService - user successfully located
2021-07-15_14-05-43 [http-nio-8400-exec-8] INFO  c.c.a.service.JwtUserDetailsService - User found
2021-07-15_14-05-43 [http-nio-8400-exec-8] INFO  c.c.a.service.JwtUserDetailsService - user successfully located
2021-07-15_14-05-43 [http-nio-8400-exec-9] INFO  c.c.a.service.JwtUserDetailsService - User found
2021-07-15_14-05-43 [http-nio-8400-exec-9] INFO  c.c.a.service.JwtUserDetailsService - user successfully located
2021-07-15_14-05-43 [http-nio-8400-exec-10] INFO  c.c.a.service.JwtUserDetailsService - User found
2021-07-15_14-05-43 [http-nio-8400-exec-10] INFO  c.c.a.service.JwtUserDetailsService - user successfully located
2021-07-15_14-05-43 [http-nio-8400-exec-1] INFO  c.c.a.service.JwtUserDetailsService - User found
2021-07-15_14-05-43 [http-nio-8400-exec-1] INFO  c.c.a.service.JwtUserDetailsService - user successfully located
2021-07-15_14-05-43 [http-nio-8400-exec-3] INFO  c.c.a.service.JwtUserDetailsService - User found
2021-07-15_14-05-43 [http-nio-8400-exec-3] INFO  c.c.a.service.JwtUserDetailsService - user successfully located
2021-07-15_14-05-43 [http-nio-8400-exec-2] INFO  c.c.a.service.JwtUserDetailsService - User found
2021-07-15_14-05-43 [http-nio-8400-exec-2] INFO  c.c.a.service.JwtUserDetailsService - user successfully located
2021-07-15_14-05-43 [http-nio-8400-exec-4] INFO  c.c.a.service.JwtUserDetailsService - User found
2021-07-15_14-05-43 [http-nio-8400-exec-4] INFO  c.c.a.service.JwtUserDetailsService - user successfully located
2021-07-15_14-05-43 [http-nio-8400-exec-5] INFO  c.c.a.service.JwtUserDetailsService - User found
2021-07-15_14-05-43 [http-nio-8400-exec-5] INFO  c.c.a.service.JwtUserDetailsService - user successfully located
2021-07-15_14-05-43 [http-nio-8400-exec-6] INFO  c.c.a.service.JwtUserDetailsService - User found
2021-07-15_14-05-43 [http-nio-8400-exec-6] INFO  c.c.a.service.JwtUserDetailsService - user successfully located
2021-07-15_14-05-43 [http-nio-8400-exec-7] INFO  c.c.a.service.JwtUserDetailsService - User found
2021-07-15_14-05-43 [http-nio-8400-exec-7] INFO  c.c.a.service.JwtUserDetailsService - user successfully located
2021-07-15_14-05-43 [http-nio-8400-exec-8] INFO  c.c.a.service.JwtUserDetailsService - User found
2021-07-15_14-05-43 [http-nio-8400-exec-8] INFO  c.c.a.service.JwtUserDetailsService - user successfully located
2021-07-15_14-05-43 [http-nio-8400-exec-9] INFO  c.c.a.service.JwtUserDetailsService - User found
2021-07-15_14-05-43 [http-nio-8400-exec-9] INFO  c.c.a.service.JwtUserDetailsService - user successfully located
2021-07-15_14-05-43 [http-nio-8400-exec-10] INFO  c.c.a.service.JwtUserDetailsService - User found
2021-07-15_14-05-43 [http-nio-8400-exec-10] INFO  c.c.a.service.JwtUserDetailsService - user successfully located
2021-07-15_14-05-43 [http-nio-8400-exec-1] INFO  c.c.a.service.JwtUserDetailsService - User found
2021-07-15_14-05-43 [http-nio-8400-exec-1] INFO  c.c.a.service.JwtUserDetailsService - user successfully located
2021-07-15_14-05-43 [http-nio-8400-exec-3] INFO  c.c.a.service.JwtUserDetailsService - User found
2021-07-15_14-05-43 [http-nio-8400-exec-3] INFO  c.c.a.service.JwtUserDetailsService - user successfully located
2021-07-15_14-05-43 [http-nio-8400-exec-2] INFO  c.c.a.service.JwtUserDetailsService - User found
2021-07-15_14-05-43 [http-nio-8400-exec-2] INFO  c.c.a.service.JwtUserDetailsService - user successfully located
2021-07-15_23-38-27 [Thread-6] INFO  o.s.s.c.ThreadPoolTaskExecutor - Shutting down ExecutorService 'applicationTaskExecutor'
2021-07-15_23-38-27 [Thread-6] INFO  o.s.o.j.LocalContainerEntityManagerFactoryBean - Closing JPA EntityManagerFactory for persistence unit 'default'
2021-07-15_23-38-27 [Thread-6] INFO  o.h.t.s.i.SchemaDropperImpl$DelayedDropActionImpl - HHH000477: Starting delayed evictData of schema as part of SessionFactory shut-down'
2021-07-15_23-38-27 [Thread-6] INFO  com.zaxxer.hikari.HikariDataSource - HikariPool-1 - Shutdown initiated...
2021-07-15_23-38-27 [Thread-6] INFO  com.zaxxer.hikari.HikariDataSource - HikariPool-1 - Shutdown completed.
2021-07-15_23-38-36 [restartedMain] INFO  c.c.a.AuthorizationMicroserviceApplication - Starting AuthorizationMicroserviceApplication using Java 15.0.2 on LAPTOP-0AALEG97 with PID 19624 (C:\Users\DEEPANSHU\Desktop\Pension-Management-System-main\Authorization-Microservice\target\classes started by DEEPANSHU in C:\Users\DEEPANSHU\Desktop\Pension-Management-System-main\Authorization-Microservice)
2021-07-15_23-38-36 [restartedMain] INFO  c.c.a.AuthorizationMicroserviceApplication - No active profile set, falling back to default profiles: default
2021-07-15_23-38-36 [restartedMain] INFO  o.s.d.r.c.RepositoryConfigurationDelegate - Bootstrapping Spring Data JPA repositories in DEFAULT mode.
2021-07-15_23-38-36 [restartedMain] INFO  o.s.d.r.c.RepositoryConfigurationDelegate - Finished Spring Data repository scanning in 43 ms. Found 1 JPA repository interfaces.
2021-07-15_23-38-36 [restartedMain] INFO  o.s.cloud.context.scope.GenericScope - BeanFactory id=edddad8d-4f8b-3de1-9e23-4996f9518ee0
2021-07-15_23-38-36 [restartedMain] INFO  o.s.b.w.e.tomcat.TomcatWebServer - Tomcat initialized with port(s): 8400 (http)
2021-07-15_23-38-36 [restartedMain] INFO  o.a.coyote.http11.Http11NioProtocol - Initializing ProtocolHandler ["http-nio-8400"]
2021-07-15_23-38-36 [restartedMain] INFO  o.a.catalina.core.StandardService - Starting service [Tomcat]
2021-07-15_23-38-36 [restartedMain] INFO  o.a.catalina.core.StandardEngine - Starting Servlet engine: [Apache Tomcat/9.0.41]
2021-07-15_23-38-36 [restartedMain] INFO  o.a.c.c.C.[.[localhost].[/auth] - Initializing Spring embedded WebApplicationContext
2021-07-15_23-38-36 [restartedMain] INFO  o.s.b.w.s.c.ServletWebServerApplicationContext - Root WebApplicationContext: initialization completed in 2864 ms
2021-07-15_23-38-36 [restartedMain] INFO  com.zaxxer.hikari.HikariDataSource - HikariPool-2 - Starting...
2021-07-15_23-38-36 [restartedMain] INFO  com.zaxxer.hikari.HikariDataSource - HikariPool-2 - Start completed.
2021-07-15_23-38-36 [restartedMain] INFO  o.s.b.a.h.H2ConsoleAutoConfiguration - H2 console available at '/db'. Database available at 'jdbc:h2:mem:testdb'
2021-07-15_23-38-36 [restartedMain] INFO  o.h.jpa.internal.util.LogHelper - HHH000204: Processing PersistenceUnitInfo [name: default]
2021-07-15_23-38-36 [restartedMain] INFO  org.hibernate.dialect.Dialect - HHH000400: Using dialect: org.hibernate.dialect.H2Dialect
2021-07-15_23-38-36 [restartedMain] INFO  o.h.e.t.j.p.i.JtaPlatformInitiator - HHH000490: Using JtaPlatform implementation: [org.hibernate.engine.transaction.jta.platform.internal.NoJtaPlatform]
2021-07-15_23-38-36 [restartedMain] INFO  o.s.o.j.LocalContainerEntityManagerFactoryBean - Initialized JPA EntityManagerFactory for persistence unit 'default'
2021-07-15_23-38-36 [restartedMain] INFO  o.s.b.d.a.OptionalLiveReloadServer - LiveReload server is running on port 35729
2021-07-15_23-38-36 [restartedMain] INFO  o.s.b.a.e.web.EndpointLinksResolver - Exposing 2 endpoint(s) beneath base path '/actuator'
2021-07-15_23-38-36 [restartedMain] INFO  s.d.s.w.PropertySourcedRequestMappingHandlerMapping - Mapped URL path [/v2/api-docs] onto method [springfox.documentation.swagger2.web.Swagger2Controller#getDocumentation(String, HttpServletRequest)]
2021-07-15_23-38-36 [restartedMain] INFO  o.s.s.web.DefaultSecurityFilterChain - Will secure any request with [org.springframework.security.web.context.request.async.WebAsyncManagerIntegrationFilter@7e1e93f4, org.springframework.security.web.context.SecurityContextPersistenceFilter@59301688, org.springframework.security.web.header.HeaderWriterFilter@49408507, org.springframework.security.web.authentication.logout.LogoutFilter@ed5f458, com.cts.authorization.config.JwtRequestFilter@1ed19b81, org.springframework.security.web.savedrequest.RequestCacheAwareFilter@197ad023, org.springframework.security.web.servletapi.SecurityContextHolderAwareRequestFilter@545f06b6, org.springframework.security.web.authentication.AnonymousAuthenticationFilter@3dc7d567, org.springframework.security.web.session.SessionManagementFilter@60458d56, org.springframework.security.web.access.ExceptionTranslationFilter@64b487da, org.springframework.security.web.access.intercept.FilterSecurityInterceptor@4dbb219a]
2021-07-15_23-38-36 [restartedMain] INFO  o.s.s.c.ThreadPoolTaskExecutor - Initializing ExecutorService 'applicationTaskExecutor'
2021-07-15_23-38-36 [restartedMain] INFO  o.a.coyote.http11.Http11NioProtocol - Starting ProtocolHandler ["http-nio-8400"]
2021-07-15_23-38-36 [restartedMain] INFO  o.s.b.w.e.tomcat.TomcatWebServer - Tomcat started on port(s): 8400 (http) with context path '/auth'
2021-07-15_23-38-36 [restartedMain] INFO  s.d.s.w.p.DocumentationPluginsBootstrapper - Context refreshed
2021-07-15_23-38-36 [restartedMain] INFO  s.d.s.w.p.DocumentationPluginsBootstrapper - Found 1 custom documentation plugin(s)
2021-07-15_23-38-36 [restartedMain] INFO  s.d.s.w.s.ApiListingReferenceScanner - Scanning for api listing references
2021-07-15_23-38-36 [restartedMain] INFO  s.d.s.w.r.o.CachingOperationNameGenerator - Generating unique operation named: handleUsingGET_1
2021-07-15_23-38-36 [restartedMain] INFO  s.d.s.w.r.o.CachingOperationNameGenerator - Generating unique operation named: handleUsingGET_2
2021-07-15_23-38-36 [restartedMain] INFO  c.c.a.AuthorizationMicroserviceApplication - Started AuthorizationMicroserviceApplication in 11.095 seconds (JVM running for 34391.713)
2021-07-15_23-38-36 [restartedMain] INFO  o.s.b.d.a.ConditionEvaluationDeltaLoggingListener - Condition evaluation unchanged
2021-07-15_23-38-36 [Thread-11] INFO  o.s.s.c.ThreadPoolTaskExecutor - Shutting down ExecutorService 'applicationTaskExecutor'
2021-07-15_23-38-36 [Thread-11] INFO  o.s.o.j.LocalContainerEntityManagerFactoryBean - Closing JPA EntityManagerFactory for persistence unit 'default'
2021-07-15_23-38-36 [Thread-11] INFO  o.h.t.s.i.SchemaDropperImpl$DelayedDropActionImpl - HHH000477: Starting delayed evictData of schema as part of SessionFactory shut-down'
2021-07-15_23-38-36 [Thread-11] INFO  com.zaxxer.hikari.HikariDataSource - HikariPool-2 - Shutdown initiated...
2021-07-15_23-38-36 [Thread-11] INFO  com.zaxxer.hikari.HikariDataSource - HikariPool-2 - Shutdown completed.
2021-07-15_23-38-51 [restartedMain] INFO  c.c.a.AuthorizationMicroserviceApplication - Starting AuthorizationMicroserviceApplication using Java 15.0.2 on LAPTOP-0AALEG97 with PID 19624 (C:\Users\DEEPANSHU\Desktop\Pension-Management-System-main\Authorization-Microservice\target\classes started by DEEPANSHU in C:\Users\DEEPANSHU\Desktop\Pension-Management-System-main\Authorization-Microservice)
2021-07-15_23-38-51 [restartedMain] INFO  c.c.a.AuthorizationMicroserviceApplication - No active profile set, falling back to default profiles: default
2021-07-15_23-38-51 [restartedMain] INFO  o.s.d.r.c.RepositoryConfigurationDelegate - Bootstrapping Spring Data JPA repositories in DEFAULT mode.
2021-07-15_23-38-51 [restartedMain] INFO  o.s.d.r.c.RepositoryConfigurationDelegate - Finished Spring Data repository scanning in 25 ms. Found 1 JPA repository interfaces.
2021-07-15_23-38-51 [restartedMain] INFO  o.s.cloud.context.scope.GenericScope - BeanFactory id=edddad8d-4f8b-3de1-9e23-4996f9518ee0
2021-07-15_23-38-51 [restartedMain] INFO  o.s.b.w.e.tomcat.TomcatWebServer - Tomcat initialized with port(s): 8400 (http)
2021-07-15_23-38-51 [restartedMain] INFO  o.a.coyote.http11.Http11NioProtocol - Initializing ProtocolHandler ["http-nio-8400"]
2021-07-15_23-38-51 [restartedMain] INFO  o.a.catalina.core.StandardService - Starting service [Tomcat]
2021-07-15_23-38-51 [restartedMain] INFO  o.a.catalina.core.StandardEngine - Starting Servlet engine: [Apache Tomcat/9.0.41]
2021-07-15_23-38-51 [restartedMain] INFO  o.a.c.c.C.[.[localhost].[/auth] - Initializing Spring embedded WebApplicationContext
2021-07-15_23-38-51 [restartedMain] INFO  o.s.b.w.s.c.ServletWebServerApplicationContext - Root WebApplicationContext: initialization completed in 2178 ms
2021-07-15_23-38-51 [restartedMain] INFO  com.zaxxer.hikari.HikariDataSource - HikariPool-3 - Starting...
2021-07-15_23-38-51 [restartedMain] INFO  com.zaxxer.hikari.HikariDataSource - HikariPool-3 - Start completed.
2021-07-15_23-38-51 [restartedMain] INFO  o.s.b.a.h.H2ConsoleAutoConfiguration - H2 console available at '/db'. Database available at 'jdbc:h2:mem:testdb'
2021-07-15_23-38-51 [restartedMain] INFO  o.h.jpa.internal.util.LogHelper - HHH000204: Processing PersistenceUnitInfo [name: default]
2021-07-15_23-38-51 [restartedMain] INFO  org.hibernate.dialect.Dialect - HHH000400: Using dialect: org.hibernate.dialect.H2Dialect
2021-07-15_23-38-51 [restartedMain] INFO  o.h.e.t.j.p.i.JtaPlatformInitiator - HHH000490: Using JtaPlatform implementation: [org.hibernate.engine.transaction.jta.platform.internal.NoJtaPlatform]
2021-07-15_23-38-51 [restartedMain] INFO  o.s.o.j.LocalContainerEntityManagerFactoryBean - Initialized JPA EntityManagerFactory for persistence unit 'default'
2021-07-15_23-38-51 [restartedMain] INFO  o.s.b.d.a.OptionalLiveReloadServer - LiveReload server is running on port 35729
2021-07-15_23-38-51 [restartedMain] INFO  o.s.b.a.e.web.EndpointLinksResolver - Exposing 2 endpoint(s) beneath base path '/actuator'
2021-07-15_23-38-51 [restartedMain] INFO  s.d.s.w.PropertySourcedRequestMappingHandlerMapping - Mapped URL path [/v2/api-docs] onto method [springfox.documentation.swagger2.web.Swagger2Controller#getDocumentation(String, HttpServletRequest)]
2021-07-15_23-38-51 [restartedMain] INFO  o.s.s.web.DefaultSecurityFilterChain - Will secure any request with [org.springframework.security.web.context.request.async.WebAsyncManagerIntegrationFilter@6a9927e2, org.springframework.security.web.context.SecurityContextPersistenceFilter@356c9786, org.springframework.security.web.header.HeaderWriterFilter@db03390, org.springframework.security.web.authentication.logout.LogoutFilter@5d18d946, com.cts.authorization.config.JwtRequestFilter@6ce73370, org.springframework.security.web.savedrequest.RequestCacheAwareFilter@30038e0, org.springframework.security.web.servletapi.SecurityContextHolderAwareRequestFilter@fa0b7a3, org.springframework.security.web.authentication.AnonymousAuthenticationFilter@6246f399, org.springframework.security.web.session.SessionManagementFilter@12a22310, org.springframework.security.web.access.ExceptionTranslationFilter@2b43a328, org.springframework.security.web.access.intercept.FilterSecurityInterceptor@4761743a]
2021-07-15_23-38-51 [restartedMain] INFO  o.s.s.c.ThreadPoolTaskExecutor - Initializing ExecutorService 'applicationTaskExecutor'
2021-07-15_23-38-51 [restartedMain] INFO  o.a.coyote.http11.Http11NioProtocol - Starting ProtocolHandler ["http-nio-8400"]
2021-07-15_23-38-51 [restartedMain] INFO  o.s.b.w.e.tomcat.TomcatWebServer - Tomcat started on port(s): 8400 (http) with context path '/auth'
2021-07-15_23-38-51 [restartedMain] INFO  s.d.s.w.p.DocumentationPluginsBootstrapper - Context refreshed
2021-07-15_23-38-51 [restartedMain] INFO  s.d.s.w.p.DocumentationPluginsBootstrapper - Found 1 custom documentation plugin(s)
2021-07-15_23-38-51 [restartedMain] INFO  s.d.s.w.s.ApiListingReferenceScanner - Scanning for api listing references
2021-07-15_23-38-51 [restartedMain] INFO  s.d.s.w.r.o.CachingOperationNameGenerator - Generating unique operation named: handleUsingGET_1
2021-07-15_23-38-51 [restartedMain] INFO  s.d.s.w.r.o.CachingOperationNameGenerator - Generating unique operation named: handleUsingGET_2
2021-07-15_23-38-51 [restartedMain] INFO  c.c.a.AuthorizationMicroserviceApplication - Started AuthorizationMicroserviceApplication in 14.728 seconds (JVM running for 34407.07)
2021-07-15_23-38-51 [restartedMain] INFO  o.s.b.d.a.ConditionEvaluationDeltaLoggingListener - Condition evaluation unchanged
2021-07-15_23-39-31 [Thread-18] INFO  o.s.s.c.ThreadPoolTaskExecutor - Shutting down ExecutorService 'applicationTaskExecutor'
2021-07-15_23-39-31 [Thread-18] INFO  o.s.o.j.LocalContainerEntityManagerFactoryBean - Closing JPA EntityManagerFactory for persistence unit 'default'
2021-07-15_23-39-31 [Thread-18] INFO  o.h.t.s.i.SchemaDropperImpl$DelayedDropActionImpl - HHH000477: Starting delayed evictData of schema as part of SessionFactory shut-down'
2021-07-15_23-39-31 [Thread-18] INFO  com.zaxxer.hikari.HikariDataSource - HikariPool-3 - Shutdown initiated...
2021-07-15_23-39-31 [Thread-18] INFO  com.zaxxer.hikari.HikariDataSource - HikariPool-3 - Shutdown completed.
2021-07-15_23-39-33 [restartedMain] INFO  c.c.a.AuthorizationMicroserviceApplication - Starting AuthorizationMicroserviceApplication using Java 15.0.2 on LAPTOP-0AALEG97 with PID 19624 (C:\Users\DEEPANSHU\Desktop\Pension-Management-System-main\Authorization-Microservice\target\classes started by DEEPANSHU in C:\Users\DEEPANSHU\Desktop\Pension-Management-System-main\Authorization-Microservice)
2021-07-15_23-39-33 [restartedMain] INFO  c.c.a.AuthorizationMicroserviceApplication - No active profile set, falling back to default profiles: default
2021-07-15_23-39-33 [restartedMain] INFO  o.s.d.r.c.RepositoryConfigurationDelegate - Bootstrapping Spring Data JPA repositories in DEFAULT mode.
2021-07-15_23-39-33 [restartedMain] INFO  o.s.d.r.c.RepositoryConfigurationDelegate - Finished Spring Data repository scanning in 27 ms. Found 1 JPA repository interfaces.
2021-07-15_23-39-33 [restartedMain] INFO  o.s.cloud.context.scope.GenericScope - BeanFactory id=edddad8d-4f8b-3de1-9e23-4996f9518ee0
2021-07-15_23-39-33 [restartedMain] INFO  o.s.b.w.e.tomcat.TomcatWebServer - Tomcat initialized with port(s): 8400 (http)
2021-07-15_23-39-33 [restartedMain] INFO  o.a.coyote.http11.Http11NioProtocol - Initializing ProtocolHandler ["http-nio-8400"]
2021-07-15_23-39-33 [restartedMain] INFO  o.a.catalina.core.StandardService - Starting service [Tomcat]
2021-07-15_23-39-33 [restartedMain] INFO  o.a.catalina.core.StandardEngine - Starting Servlet engine: [Apache Tomcat/9.0.41]
2021-07-15_23-39-33 [restartedMain] INFO  o.a.c.c.C.[.[localhost].[/auth] - Initializing Spring embedded WebApplicationContext
2021-07-15_23-39-33 [restartedMain] INFO  o.s.b.w.s.c.ServletWebServerApplicationContext - Root WebApplicationContext: initialization completed in 1969 ms
2021-07-15_23-39-33 [restartedMain] INFO  com.zaxxer.hikari.HikariDataSource - HikariPool-4 - Starting...
2021-07-15_23-39-33 [restartedMain] INFO  com.zaxxer.hikari.HikariDataSource - HikariPool-4 - Start completed.
2021-07-15_23-39-33 [restartedMain] INFO  o.s.b.a.h.H2ConsoleAutoConfiguration - H2 console available at '/db'. Database available at 'jdbc:h2:mem:testdb'
2021-07-15_23-39-33 [restartedMain] INFO  o.h.jpa.internal.util.LogHelper - HHH000204: Processing PersistenceUnitInfo [name: default]
2021-07-15_23-39-33 [restartedMain] INFO  org.hibernate.dialect.Dialect - HHH000400: Using dialect: org.hibernate.dialect.H2Dialect
2021-07-15_23-39-33 [restartedMain] INFO  o.h.e.t.j.p.i.JtaPlatformInitiator - HHH000490: Using JtaPlatform implementation: [org.hibernate.engine.transaction.jta.platform.internal.NoJtaPlatform]
2021-07-15_23-39-33 [restartedMain] INFO  o.s.o.j.LocalContainerEntityManagerFactoryBean - Initialized JPA EntityManagerFactory for persistence unit 'default'
2021-07-15_23-39-33 [restartedMain] INFO  o.s.b.d.a.OptionalLiveReloadServer - LiveReload server is running on port 35729
2021-07-15_23-39-33 [restartedMain] INFO  o.s.b.a.e.web.EndpointLinksResolver - Exposing 2 endpoint(s) beneath base path '/actuator'
2021-07-15_23-39-33 [restartedMain] INFO  s.d.s.w.PropertySourcedRequestMappingHandlerMapping - Mapped URL path [/v2/api-docs] onto method [springfox.documentation.swagger2.web.Swagger2Controller#getDocumentation(String, HttpServletRequest)]
2021-07-15_23-39-33 [restartedMain] INFO  o.s.s.web.DefaultSecurityFilterChain - Will secure any request with [org.springframework.security.web.context.request.async.WebAsyncManagerIntegrationFilter@15bde0b, org.springframework.security.web.context.SecurityContextPersistenceFilter@72c30a1d, org.springframework.security.web.header.HeaderWriterFilter@508886f4, org.springframework.security.web.authentication.logout.LogoutFilter@97fa28b, com.cts.authorization.config.JwtRequestFilter@467f17a1, org.springframework.security.web.savedrequest.RequestCacheAwareFilter@381a73be, org.springframework.security.web.servletapi.SecurityContextHolderAwareRequestFilter@2c31fd6f, org.springframework.security.web.authentication.AnonymousAuthenticationFilter@6fac7d69, org.springframework.security.web.session.SessionManagementFilter@45814f32, org.springframework.security.web.access.ExceptionTranslationFilter@76f79c9f, org.springframework.security.web.access.intercept.FilterSecurityInterceptor@16e27c47]
2021-07-15_23-39-33 [restartedMain] INFO  o.s.s.c.ThreadPoolTaskExecutor - Initializing ExecutorService 'applicationTaskExecutor'
2021-07-15_23-39-33 [restartedMain] INFO  o.a.coyote.http11.Http11NioProtocol - Starting ProtocolHandler ["http-nio-8400"]
2021-07-15_23-39-33 [restartedMain] INFO  o.s.b.w.e.tomcat.TomcatWebServer - Tomcat started on port(s): 8400 (http) with context path '/auth'
2021-07-15_23-39-33 [restartedMain] INFO  s.d.s.w.p.DocumentationPluginsBootstrapper - Context refreshed
2021-07-15_23-39-33 [restartedMain] INFO  s.d.s.w.p.DocumentationPluginsBootstrapper - Found 1 custom documentation plugin(s)
2021-07-15_23-39-33 [restartedMain] INFO  s.d.s.w.s.ApiListingReferenceScanner - Scanning for api listing references
2021-07-15_23-39-33 [restartedMain] INFO  s.d.s.w.r.o.CachingOperationNameGenerator - Generating unique operation named: handleUsingGET_1
2021-07-15_23-39-33 [restartedMain] INFO  s.d.s.w.r.o.CachingOperationNameGenerator - Generating unique operation named: handleUsingGET_2
2021-07-15_23-39-33 [restartedMain] INFO  c.c.a.AuthorizationMicroserviceApplication - Started AuthorizationMicroserviceApplication in 6.272 seconds (JVM running for 34442.597)
2021-07-15_23-39-33 [restartedMain] INFO  o.s.b.d.a.ConditionEvaluationDeltaLoggingListener - Condition evaluation unchanged
2021-07-15_23-39-33 [Thread-25] INFO  o.s.s.c.ThreadPoolTaskExecutor - Shutting down ExecutorService 'applicationTaskExecutor'
2021-07-15_23-39-33 [Thread-25] INFO  o.s.o.j.LocalContainerEntityManagerFactoryBean - Closing JPA EntityManagerFactory for persistence unit 'default'
2021-07-15_23-39-33 [Thread-25] INFO  o.h.t.s.i.SchemaDropperImpl$DelayedDropActionImpl - HHH000477: Starting delayed evictData of schema as part of SessionFactory shut-down'
2021-07-15_23-39-33 [Thread-25] INFO  com.zaxxer.hikari.HikariDataSource - HikariPool-4 - Shutdown initiated...
2021-07-15_23-39-33 [Thread-25] INFO  com.zaxxer.hikari.HikariDataSource - HikariPool-4 - Shutdown completed.
2021-07-15_23-39-39 [restartedMain] INFO  c.c.a.AuthorizationMicroserviceApplication - Starting AuthorizationMicroserviceApplication using Java 15.0.2 on LAPTOP-0AALEG97 with PID 19624 (C:\Users\DEEPANSHU\Desktop\Pension-Management-System-main\Authorization-Microservice\target\classes started by DEEPANSHU in C:\Users\DEEPANSHU\Desktop\Pension-Management-System-main\Authorization-Microservice)
2021-07-15_23-39-39 [restartedMain] INFO  c.c.a.AuthorizationMicroserviceApplication - No active profile set, falling back to default profiles: default
2021-07-15_23-39-39 [restartedMain] INFO  o.s.d.r.c.RepositoryConfigurationDelegate - Bootstrapping Spring Data JPA repositories in DEFAULT mode.
2021-07-15_23-39-39 [restartedMain] INFO  o.s.d.r.c.RepositoryConfigurationDelegate - Finished Spring Data repository scanning in 29 ms. Found 1 JPA repository interfaces.
2021-07-15_23-39-39 [restartedMain] INFO  o.s.cloud.context.scope.GenericScope - BeanFactory id=edddad8d-4f8b-3de1-9e23-4996f9518ee0
2021-07-15_23-39-39 [restartedMain] INFO  o.s.b.w.e.tomcat.TomcatWebServer - Tomcat initialized with port(s): 8400 (http)
2021-07-15_23-39-39 [restartedMain] INFO  o.a.coyote.http11.Http11NioProtocol - Initializing ProtocolHandler ["http-nio-8400"]
2021-07-15_23-39-39 [restartedMain] INFO  o.a.catalina.core.StandardService - Starting service [Tomcat]
2021-07-15_23-39-39 [restartedMain] INFO  o.a.catalina.core.StandardEngine - Starting Servlet engine: [Apache Tomcat/9.0.41]
2021-07-15_23-39-39 [restartedMain] INFO  o.a.c.c.C.[.[localhost].[/auth] - Initializing Spring embedded WebApplicationContext
2021-07-15_23-39-39 [restartedMain] INFO  o.s.b.w.s.c.ServletWebServerApplicationContext - Root WebApplicationContext: initialization completed in 1316 ms
2021-07-15_23-39-39 [restartedMain] INFO  com.zaxxer.hikari.HikariDataSource - HikariPool-5 - Starting...
2021-07-15_23-39-39 [restartedMain] INFO  com.zaxxer.hikari.HikariDataSource - HikariPool-5 - Start completed.
2021-07-15_23-39-39 [restartedMain] INFO  o.s.b.a.h.H2ConsoleAutoConfiguration - H2 console available at '/db'. Database available at 'jdbc:h2:mem:testdb'
2021-07-15_23-39-39 [restartedMain] INFO  o.h.jpa.internal.util.LogHelper - HHH000204: Processing PersistenceUnitInfo [name: default]
2021-07-15_23-39-39 [restartedMain] INFO  org.hibernate.dialect.Dialect - HHH000400: Using dialect: org.hibernate.dialect.H2Dialect
2021-07-15_23-39-39 [restartedMain] INFO  o.h.e.t.j.p.i.JtaPlatformInitiator - HHH000490: Using JtaPlatform implementation: [org.hibernate.engine.transaction.jta.platform.internal.NoJtaPlatform]
2021-07-15_23-39-39 [restartedMain] INFO  o.s.o.j.LocalContainerEntityManagerFactoryBean - Initialized JPA EntityManagerFactory for persistence unit 'default'
2021-07-15_23-39-39 [restartedMain] INFO  o.s.b.d.a.OptionalLiveReloadServer - LiveReload server is running on port 35729
2021-07-15_23-39-39 [restartedMain] INFO  o.s.b.a.e.web.EndpointLinksResolver - Exposing 2 endpoint(s) beneath base path '/actuator'
2021-07-15_23-39-39 [restartedMain] INFO  s.d.s.w.PropertySourcedRequestMappingHandlerMapping - Mapped URL path [/v2/api-docs] onto method [springfox.documentation.swagger2.web.Swagger2Controller#getDocumentation(String, HttpServletRequest)]
2021-07-15_23-39-39 [restartedMain] INFO  o.s.s.web.DefaultSecurityFilterChain - Will secure any request with [org.springframework.security.web.context.request.async.WebAsyncManagerIntegrationFilter@1c7f6677, org.springframework.security.web.context.SecurityContextPersistenceFilter@30e5c8c4, org.springframework.security.web.header.HeaderWriterFilter@2c5e8dbc, org.springframework.security.web.authentication.logout.LogoutFilter@1adcfa5, com.cts.authorization.config.JwtRequestFilter@43d2aea5, org.springframework.security.web.savedrequest.RequestCacheAwareFilter@3fbc56b8, org.springframework.security.web.servletapi.SecurityContextHolderAwareRequestFilter@67d70f9e, org.springframework.security.web.authentication.AnonymousAuthenticationFilter@39db19bb, org.springframework.security.web.session.SessionManagementFilter@6c628ba4, org.springframework.security.web.access.ExceptionTranslationFilter@12a3beae, org.springframework.security.web.access.intercept.FilterSecurityInterceptor@79e6dac4]
2021-07-15_23-39-39 [restartedMain] INFO  o.s.s.c.ThreadPoolTaskExecutor - Initializing ExecutorService 'applicationTaskExecutor'
2021-07-15_23-39-39 [restartedMain] INFO  o.a.coyote.http11.Http11NioProtocol - Starting ProtocolHandler ["http-nio-8400"]
2021-07-15_23-39-39 [restartedMain] INFO  o.s.b.w.e.tomcat.TomcatWebServer - Tomcat started on port(s): 8400 (http) with context path '/auth'
2021-07-15_23-39-39 [restartedMain] INFO  s.d.s.w.p.DocumentationPluginsBootstrapper - Context refreshed
2021-07-15_23-39-39 [restartedMain] INFO  s.d.s.w.p.DocumentationPluginsBootstrapper - Found 1 custom documentation plugin(s)
2021-07-15_23-39-39 [restartedMain] INFO  s.d.s.w.s.ApiListingReferenceScanner - Scanning for api listing references
2021-07-15_23-39-39 [restartedMain] INFO  s.d.s.w.r.o.CachingOperationNameGenerator - Generating unique operation named: handleUsingGET_1
2021-07-15_23-39-39 [restartedMain] INFO  s.d.s.w.r.o.CachingOperationNameGenerator - Generating unique operation named: handleUsingGET_2
2021-07-15_23-39-39 [restartedMain] INFO  c.c.a.AuthorizationMicroserviceApplication - Started AuthorizationMicroserviceApplication in 3.859 seconds (JVM running for 34447.457)
2021-07-15_23-39-39 [restartedMain] INFO  o.s.b.d.a.ConditionEvaluationDeltaLoggingListener - Condition evaluation unchanged
